This file contains any messages produced by compilers while
running configure, to aid debugging if configure makes a mistake.

It was created by htop configure 3.0.6-dev, which was
generated by GNU Autoconf 2.71.  Invocation command line was

  $ ./configure

## --------- ##
## Platform. ##
## --------- ##

hostname = ARCHBUILD85
uname -m = x86_64
uname -r = 5.11.7-arch1-1
uname -s = Linux
uname -v = #1 SMP PREEMPT Wed, 17 Mar 2021 16:59:58 +0000

/usr/bin/uname -p = unknown
/bin/uname -X     = unknown

/bin/arch              = unknown
/usr/bin/arch -k       = unknown
/usr/convex/getsysinfo = unknown
/usr/bin/hostinfo      = unknown
/bin/machine           = unknown
/usr/bin/oslevel       = unknown
/bin/universe          = unknown

PATH: /home/pnotz17//.local/bin/
PATH: /home/pnotz17//.local/bin/
PATH: /usr/local/sbin/
PATH: /usr/local/bin/
PATH: /usr/bin/
PATH: /usr/bin/site_perl/
PATH: /usr/bin/vendor_perl/
PATH: /usr/bin/core_perl/


## ----------- ##
## Core tests. ##
## ----------- ##

configure:2587: looking for aux files: compile missing install-sh config.guess config.sub
configure:2600:  trying ./build-aux/
configure:2629:   ./build-aux/compile found
configure:2629:   ./build-aux/missing found
configure:2611:   ./build-aux/install-sh found
configure:2629:   ./build-aux/config.guess found
configure:2629:   ./build-aux/config.sub found
configure:2753: checking build system type
configure:2768: result: x86_64-pc-linux-gnu
configure:2788: checking host system type
configure:2802: result: x86_64-pc-linux-gnu
configure:2822: checking target system type
configure:2836: result: x86_64-pc-linux-gnu
configure:2879: checking for a BSD-compatible install
configure:2952: result: /usr/bin/install -c
configure:2963: checking whether build environment is sane
configure:3018: result: yes
configure:3177: checking for a race-free mkdir -p
configure:3221: result: /usr/bin/mkdir -p
configure:3228: checking for gawk
configure:3249: found /usr/bin/gawk
configure:3260: result: gawk
configure:3271: checking whether make sets $(MAKE)
configure:3294: result: yes
configure:3324: checking whether make supports nested variables
configure:3342: result: yes
configure:3531: checking whether make supports the include directive
configure:3546: make -f confmf.GNU && cat confinc.out
this is the am__doit target
configure:3549: $? = 0
configure:3568: result: yes (GNU style)
configure:3644: checking for gcc
configure:3665: found /usr/bin/gcc
configure:3676: result: gcc
configure:4029: checking for C compiler version
configure:4038: gcc --version >&5
gcc (GCC) 10.2.0
Copyright (C) 2020 Free Software Foundation, Inc.
This is free software; see the source for copying conditions.  There is NO
warranty; not even for MERCHANTABILITY or FITNESS FOR A PARTICULAR PURPOSE.

configure:4049: $? = 0
configure:4038: gcc -v >&5
Using built-in specs.
COLLECT_GCC=gcc
COLLECT_LTO_WRAPPER=/usr/lib/gcc/x86_64-pc-linux-gnu/10.2.0/lto-wrapper
Target: x86_64-pc-linux-gnu
Configured with: /build/gcc/src/gcc/configure --prefix=/usr --libdir=/usr/lib --libexecdir=/usr/lib --mandir=/usr/share/man --infodir=/usr/share/info --with-bugurl=https://bugs.archlinux.org/ --enable-languages=c,c++,ada,fortran,go,lto,objc,obj-c++,d --with-isl --with-linker-hash-style=gnu --with-system-zlib --enable-__cxa_atexit --enable-cet=auto --enable-checking=release --enable-clocale=gnu --enable-default-pie --enable-default-ssp --enable-gnu-indirect-function --enable-gnu-unique-object --enable-install-libiberty --enable-linker-build-id --enable-lto --enable-multilib --enable-plugin --enable-shared --enable-threads=posix --disable-libssp --disable-libstdcxx-pch --disable-libunwind-exceptions --disable-werror gdc_include_dir=/usr/include/dlang/gdc
Thread model: posix
Supported LTO compression algorithms: zlib zstd
gcc version 10.2.0 (GCC) 
configure:4049: $? = 0
configure:4038: gcc -V >&5
gcc: error: unrecognized command-line option '-V'
gcc: fatal error: no input files
compilation terminated.
configure:4049: $? = 1
configure:4038: gcc -qversion >&5
gcc: error: unrecognized command-line option '-qversion'; did you mean '--version'?
gcc: fatal error: no input files
compilation terminated.
configure:4049: $? = 1
configure:4038: gcc -version >&5
gcc: error: unrecognized command-line option '-version'
gcc: fatal error: no input files
compilation terminated.
configure:4049: $? = 1
configure:4069: checking whether the C compiler works
configure:4091: gcc    conftest.c  >&5
configure:4095: $? = 0
configure:4145: result: yes
configure:4148: checking for C compiler default output file name
configure:4150: result: a.out
configure:4156: checking for suffix of executables
configure:4163: gcc -o conftest    conftest.c  >&5
configure:4167: $? = 0
configure:4190: result: 
configure:4212: checking whether we are cross compiling
configure:4220: gcc -o conftest    conftest.c  >&5
configure:4224: $? = 0
configure:4231: ./conftest
configure:4235: $? = 0
configure:4250: result: no
configure:4255: checking for suffix of object files
configure:4278: gcc -c   conftest.c >&5
configure:4282: $? = 0
configure:4304: result: o
configure:4308: checking whether the compiler supports GNU C
configure:4328: gcc -c   conftest.c >&5
configure:4328: $? = 0
configure:4338: result: yes
configure:4349: checking whether gcc accepts -g
configure:4370: gcc -c -g  conftest.c >&5
configure:4370: $? = 0
configure:4414: result: yes
configure:4434: checking for gcc option to enable C11 features
configure:4449: gcc  -c -g -O2  conftest.c >&5
configure:4449: $? = 0
configure:4467: result: none needed
configure:4583: checking whether gcc understands -c and -o together
configure:4606: gcc -c conftest.c -o conftest2.o
configure:4609: $? = 0
configure:4606: gcc -c conftest.c -o conftest2.o
configure:4609: $? = 0
configure:4621: result: yes
configure:4640: checking dependency style of gcc
configure:4752: result: gcc3
configure:4772: checking for stdio.h
configure:4772: gcc -c -g -O2  conftest.c >&5
configure:4772: $? = 0
configure:4772: result: yes
configure:4772: checking for stdlib.h
configure:4772: gcc -c -g -O2  conftest.c >&5
configure:4772: $? = 0
configure:4772: result: yes
configure:4772: checking for string.h
configure:4772: gcc -c -g -O2  conftest.c >&5
configure:4772: $? = 0
configure:4772: result: yes
configure:4772: checking for inttypes.h
configure:4772: gcc -c -g -O2  conftest.c >&5
configure:4772: $? = 0
configure:4772: result: yes
configure:4772: checking for stdint.h
configure:4772: gcc -c -g -O2  conftest.c >&5
configure:4772: $? = 0
configure:4772: result: yes
configure:4772: checking for strings.h
configure:4772: gcc -c -g -O2  conftest.c >&5
configure:4772: $? = 0
configure:4772: result: yes
configure:4772: checking for sys/stat.h
configure:4772: gcc -c -g -O2  conftest.c >&5
configure:4772: $? = 0
configure:4772: result: yes
configure:4772: checking for sys/types.h
configure:4772: gcc -c -g -O2  conftest.c >&5
configure:4772: $? = 0
configure:4772: result: yes
configure:4772: checking for unistd.h
configure:4772: gcc -c -g -O2  conftest.c >&5
configure:4772: $? = 0
configure:4772: result: yes
configure:4772: checking for wchar.h
configure:4772: gcc -c -g -O2  conftest.c >&5
configure:4772: $? = 0
configure:4772: result: yes
configure:4772: checking for minix/config.h
configure:4772: gcc -c -g -O2  conftest.c >&5
conftest.c:50:10: fatal error: minix/config.h: No such file or directory
   50 | #include <minix/config.h>
      |          ^~~~~~~~~~~~~~~~
compilation terminated.
configure:4772: $? = 1
configure: failed program was:
| /* confdefs.h */
| #define PACKAGE_NAME "htop"
| #define PACKAGE_TARNAME "htop"
| #define PACKAGE_VERSION "3.0.6-dev"
| #define PACKAGE_STRING "htop 3.0.6-dev"
| #define PACKAGE_BUGREPORT "htop@groups.io"
| #define PACKAGE_URL "https://htop.dev/"
| #define PACKAGE "htop"
| #define VERSION "3.0.6-dev"
| #define HTOP_LINUX /**/
| #define HAVE_STDIO_H 1
| #define HAVE_STDLIB_H 1
| #define HAVE_STRING_H 1
| #define HAVE_INTTYPES_H 1
| #define HAVE_STDINT_H 1
| #define HAVE_STRINGS_H 1
| #define HAVE_SYS_STAT_H 1
| #define HAVE_SYS_TYPES_H 1
| #define HAVE_UNISTD_H 1
| #define HAVE_WCHAR_H 1
| /* end confdefs.h.  */
| #include <stddef.h>
| #ifdef HAVE_STDIO_H
| # include <stdio.h>
| #endif
| #ifdef HAVE_STDLIB_H
| # include <stdlib.h>
| #endif
| #ifdef HAVE_STRING_H
| # include <string.h>
| #endif
| #ifdef HAVE_INTTYPES_H
| # include <inttypes.h>
| #endif
| #ifdef HAVE_STDINT_H
| # include <stdint.h>
| #endif
| #ifdef HAVE_STRINGS_H
| # include <strings.h>
| #endif
| #ifdef HAVE_SYS_TYPES_H
| # include <sys/types.h>
| #endif
| #ifdef HAVE_SYS_STAT_H
| # include <sys/stat.h>
| #endif
| #ifdef HAVE_UNISTD_H
| # include <unistd.h>
| #endif
| #include <minix/config.h>
configure:4772: result: no
configure:4803: checking whether it is safe to define __EXTENSIONS__
configure:4822: gcc -c -g -O2  conftest.c >&5
configure:4822: $? = 0
configure:4830: result: yes
configure:4833: checking whether _XOPEN_SOURCE should be defined
configure:4855: gcc -c -g -O2  conftest.c >&5
configure:4855: $? = 0
configure:4882: result: no
configure:4999: checking for gcc
configure:5031: result: gcc
configure:5384: checking for C compiler version
configure:5393: gcc --version >&5
gcc (GCC) 10.2.0
Copyright (C) 2020 Free Software Foundation, Inc.
This is free software; see the source for copying conditions.  There is NO
warranty; not even for MERCHANTABILITY or FITNESS FOR A PARTICULAR PURPOSE.

configure:5404: $? = 0
configure:5393: gcc -v >&5
Using built-in specs.
COLLECT_GCC=gcc
COLLECT_LTO_WRAPPER=/usr/lib/gcc/x86_64-pc-linux-gnu/10.2.0/lto-wrapper
Target: x86_64-pc-linux-gnu
Configured with: /build/gcc/src/gcc/configure --prefix=/usr --libdir=/usr/lib --libexecdir=/usr/lib --mandir=/usr/share/man --infodir=/usr/share/info --with-bugurl=https://bugs.archlinux.org/ --enable-languages=c,c++,ada,fortran,go,lto,objc,obj-c++,d --with-isl --with-linker-hash-style=gnu --with-system-zlib --enable-__cxa_atexit --enable-cet=auto --enable-checking=release --enable-clocale=gnu --enable-default-pie --enable-default-ssp --enable-gnu-indirect-function --enable-gnu-unique-object --enable-install-libiberty --enable-linker-build-id --enable-lto --enable-multilib --enable-plugin --enable-shared --enable-threads=posix --disable-libssp --disable-libstdcxx-pch --disable-libunwind-exceptions --disable-werror gdc_include_dir=/usr/include/dlang/gdc
Thread model: posix
Supported LTO compression algorithms: zlib zstd
gcc version 10.2.0 (GCC) 
configure:5404: $? = 0
configure:5393: gcc -V >&5
gcc: error: unrecognized command-line option '-V'
gcc: fatal error: no input files
compilation terminated.
configure:5404: $? = 1
configure:5393: gcc -qversion >&5
gcc: error: unrecognized command-line option '-qversion'; did you mean '--version'?
gcc: fatal error: no input files
compilation terminated.
configure:5404: $? = 1
configure:5393: gcc -version >&5
gcc: error: unrecognized command-line option '-version'
gcc: fatal error: no input files
compilation terminated.
configure:5404: $? = 1
configure:5408: checking whether the compiler supports GNU C
configure:5438: result: yes
configure:5449: checking whether gcc accepts -g
configure:5514: result: yes
configure:5534: checking for gcc option to enable C11 features
configure:5567: result: none needed
configure:5683: checking whether gcc understands -c and -o together
configure:5721: result: yes
configure:5740: checking dependency style of gcc
configure:5852: result: gcc3
configure:5914: checking for dirent.h that defines DIR
configure:5934: gcc -c -g -O2  conftest.c >&5
configure:5934: $? = 0
configure:5943: result: yes
configure:5957: checking for library containing opendir
configure:5987: gcc -o conftest -g -O2   conftest.c  >&5
configure:5987: $? = 0
configure:6007: result: none required
configure:6078: checking for grep that handles long lines and -e
configure:6142: result: /usr/bin/grep
configure:6150: checking for egrep
configure:6218: result: /usr/bin/grep -E
configure:6227: checking for stdlib.h
configure:6227: result: yes
configure:6227: checking for string.h
configure:6227: result: yes
configure:6227: checking for strings.h
configure:6227: result: yes
configure:6227: checking for sys/param.h
configure:6227: gcc -c -g -O2  conftest.c >&5
configure:6227: $? = 0
configure:6227: result: yes
configure:6227: checking for sys/time.h
configure:6227: gcc -c -g -O2  conftest.c >&5
configure:6227: $? = 0
configure:6227: result: yes
configure:6227: checking for sys/utsname.h
configure:6227: gcc -c -g -O2  conftest.c >&5
configure:6227: $? = 0
configure:6227: result: yes
configure:6227: checking for unistd.h
configure:6227: result: yes
configure:6241: checking for sys/mkdev.h
configure:6241: gcc -c -g -O2  conftest.c >&5
conftest.c:75:10: fatal error: sys/mkdev.h: No such file or directory
   75 | #include <sys/mkdev.h>
      |          ^~~~~~~~~~~~~
compilation terminated.
configure:6241: $? = 1
configure: failed program was:
| /* confdefs.h */
| #define PACKAGE_NAME "htop"
| #define PACKAGE_TARNAME "htop"
| #define PACKAGE_VERSION "3.0.6-dev"
| #define PACKAGE_STRING "htop 3.0.6-dev"
| #define PACKAGE_BUGREPORT "htop@groups.io"
| #define PACKAGE_URL "https://htop.dev/"
| #define PACKAGE "htop"
| #define VERSION "3.0.6-dev"
| #define HTOP_LINUX /**/
| #define HAVE_STDIO_H 1
| #define HAVE_STDLIB_H 1
| #define HAVE_STRING_H 1
| #define HAVE_INTTYPES_H 1
| #define HAVE_STDINT_H 1
| #define HAVE_STRINGS_H 1
| #define HAVE_SYS_STAT_H 1
| #define HAVE_SYS_TYPES_H 1
| #define HAVE_UNISTD_H 1
| #define HAVE_WCHAR_H 1
| #define STDC_HEADERS 1
| #define _ALL_SOURCE 1
| #define _DARWIN_C_SOURCE 1
| #define _GNU_SOURCE 1
| #define _HPUX_ALT_XOPEN_SOCKET_API 1
| #define _NETBSD_SOURCE 1
| #define _OPENBSD_SOURCE 1
| #define _POSIX_PTHREAD_SEMANTICS 1
| #define __STDC_WANT_IEC_60559_ATTRIBS_EXT__ 1
| #define __STDC_WANT_IEC_60559_BFP_EXT__ 1
| #define __STDC_WANT_IEC_60559_DFP_EXT__ 1
| #define __STDC_WANT_IEC_60559_FUNCS_EXT__ 1
| #define __STDC_WANT_IEC_60559_TYPES_EXT__ 1
| #define __STDC_WANT_LIB_EXT2__ 1
| #define __STDC_WANT_MATH_SPEC_FUNCS__ 1
| #define _TANDEM_SOURCE 1
| #define __EXTENSIONS__ 1
| #define HAVE_DIRENT_H 1
| #define HAVE_STDLIB_H 1
| #define HAVE_STRING_H 1
| #define HAVE_STRINGS_H 1
| #define HAVE_SYS_PARAM_H 1
| #define HAVE_SYS_TIME_H 1
| #define HAVE_SYS_UTSNAME_H 1
| #define HAVE_UNISTD_H 1
| /* end confdefs.h.  */
| #include <stddef.h>
| #ifdef HAVE_STDIO_H
| # include <stdio.h>
| #endif
| #ifdef HAVE_STDLIB_H
| # include <stdlib.h>
| #endif
| #ifdef HAVE_STRING_H
| # include <string.h>
| #endif
| #ifdef HAVE_INTTYPES_H
| # include <inttypes.h>
| #endif
| #ifdef HAVE_STDINT_H
| # include <stdint.h>
| #endif
| #ifdef HAVE_STRINGS_H
| # include <strings.h>
| #endif
| #ifdef HAVE_SYS_TYPES_H
| # include <sys/types.h>
| #endif
| #ifdef HAVE_SYS_STAT_H
| # include <sys/stat.h>
| #endif
| #ifdef HAVE_UNISTD_H
| # include <unistd.h>
| #endif
| #include <sys/mkdev.h>
configure:6241: result: no
configure:6250: checking for sys/sysmacros.h
configure:6250: gcc -c -g -O2  conftest.c >&5
configure:6250: $? = 0
configure:6250: result: yes
configure:6264: checking for execinfo.h
configure:6264: gcc -c -g -O2  conftest.c >&5
configure:6264: $? = 0
configure:6264: result: yes
configure:6290: checking for pid_t
configure:6290: gcc -c -g -O2  conftest.c >&5
configure:6290: $? = 0
configure:6290: gcc -c -g -O2  conftest.c >&5
conftest.c: In function 'main':
conftest.c:81:20: error: expected expression before ')' token
   81 | if (sizeof ((pid_t)))
      |                    ^
configure:6290: $? = 1
configure: failed program was:
| /* confdefs.h */
| #define PACKAGE_NAME "htop"
| #define PACKAGE_TARNAME "htop"
| #define PACKAGE_VERSION "3.0.6-dev"
| #define PACKAGE_STRING "htop 3.0.6-dev"
| #define PACKAGE_BUGREPORT "htop@groups.io"
| #define PACKAGE_URL "https://htop.dev/"
| #define PACKAGE "htop"
| #define VERSION "3.0.6-dev"
| #define HTOP_LINUX /**/
| #define HAVE_STDIO_H 1
| #define HAVE_STDLIB_H 1
| #define HAVE_STRING_H 1
| #define HAVE_INTTYPES_H 1
| #define HAVE_STDINT_H 1
| #define HAVE_STRINGS_H 1
| #define HAVE_SYS_STAT_H 1
| #define HAVE_SYS_TYPES_H 1
| #define HAVE_UNISTD_H 1
| #define HAVE_WCHAR_H 1
| #define STDC_HEADERS 1
| #define _ALL_SOURCE 1
| #define _DARWIN_C_SOURCE 1
| #define _GNU_SOURCE 1
| #define _HPUX_ALT_XOPEN_SOCKET_API 1
| #define _NETBSD_SOURCE 1
| #define _OPENBSD_SOURCE 1
| #define _POSIX_PTHREAD_SEMANTICS 1
| #define __STDC_WANT_IEC_60559_ATTRIBS_EXT__ 1
| #define __STDC_WANT_IEC_60559_BFP_EXT__ 1
| #define __STDC_WANT_IEC_60559_DFP_EXT__ 1
| #define __STDC_WANT_IEC_60559_FUNCS_EXT__ 1
| #define __STDC_WANT_IEC_60559_TYPES_EXT__ 1
| #define __STDC_WANT_LIB_EXT2__ 1
| #define __STDC_WANT_MATH_SPEC_FUNCS__ 1
| #define _TANDEM_SOURCE 1
| #define __EXTENSIONS__ 1
| #define HAVE_DIRENT_H 1
| #define HAVE_STDLIB_H 1
| #define HAVE_STRING_H 1
| #define HAVE_STRINGS_H 1
| #define HAVE_SYS_PARAM_H 1
| #define HAVE_SYS_TIME_H 1
| #define HAVE_SYS_UTSNAME_H 1
| #define HAVE_UNISTD_H 1
| #define MAJOR_IN_SYSMACROS 1
| #define HAVE_EXECINFO_H 1
| /* end confdefs.h.  */
| #include <stddef.h>
| #ifdef HAVE_STDIO_H
| # include <stdio.h>
| #endif
| #ifdef HAVE_STDLIB_H
| # include <stdlib.h>
| #endif
| #ifdef HAVE_STRING_H
| # include <string.h>
| #endif
| #ifdef HAVE_INTTYPES_H
| # include <inttypes.h>
| #endif
| #ifdef HAVE_STDINT_H
| # include <stdint.h>
| #endif
| #ifdef HAVE_STRINGS_H
| # include <strings.h>
| #endif
| #ifdef HAVE_SYS_TYPES_H
| # include <sys/types.h>
| #endif
| #ifdef HAVE_SYS_STAT_H
| # include <sys/stat.h>
| #endif
| #ifdef HAVE_UNISTD_H
| # include <unistd.h>
| #endif
| 
| int
| main (void)
| {
| if (sizeof ((pid_t)))
| 	    return 0;
|   ;
|   return 0;
| }
configure:6290: result: yes
configure:6331: checking how to run the C preprocessor
configure:6357: gcc -E  conftest.c
configure:6357: $? = 0
configure:6372: gcc -E  conftest.c
conftest.c:49:10: fatal error: ac_nonexistent.h: No such file or directory
   49 | #include <ac_nonexistent.h>
      |          ^~~~~~~~~~~~~~~~~~
compilation terminated.
configure:6372: $? = 1
configure: failed program was:
| /* confdefs.h */
| #define PACKAGE_NAME "htop"
| #define PACKAGE_TARNAME "htop"
| #define PACKAGE_VERSION "3.0.6-dev"
| #define PACKAGE_STRING "htop 3.0.6-dev"
| #define PACKAGE_BUGREPORT "htop@groups.io"
| #define PACKAGE_URL "https://htop.dev/"
| #define PACKAGE "htop"
| #define VERSION "3.0.6-dev"
| #define HTOP_LINUX /**/
| #define HAVE_STDIO_H 1
| #define HAVE_STDLIB_H 1
| #define HAVE_STRING_H 1
| #define HAVE_INTTYPES_H 1
| #define HAVE_STDINT_H 1
| #define HAVE_STRINGS_H 1
| #define HAVE_SYS_STAT_H 1
| #define HAVE_SYS_TYPES_H 1
| #define HAVE_UNISTD_H 1
| #define HAVE_WCHAR_H 1
| #define STDC_HEADERS 1
| #define _ALL_SOURCE 1
| #define _DARWIN_C_SOURCE 1
| #define _GNU_SOURCE 1
| #define _HPUX_ALT_XOPEN_SOCKET_API 1
| #define _NETBSD_SOURCE 1
| #define _OPENBSD_SOURCE 1
| #define _POSIX_PTHREAD_SEMANTICS 1
| #define __STDC_WANT_IEC_60559_ATTRIBS_EXT__ 1
| #define __STDC_WANT_IEC_60559_BFP_EXT__ 1
| #define __STDC_WANT_IEC_60559_DFP_EXT__ 1
| #define __STDC_WANT_IEC_60559_FUNCS_EXT__ 1
| #define __STDC_WANT_IEC_60559_TYPES_EXT__ 1
| #define __STDC_WANT_LIB_EXT2__ 1
| #define __STDC_WANT_MATH_SPEC_FUNCS__ 1
| #define _TANDEM_SOURCE 1
| #define __EXTENSIONS__ 1
| #define HAVE_DIRENT_H 1
| #define HAVE_STDLIB_H 1
| #define HAVE_STRING_H 1
| #define HAVE_STRINGS_H 1
| #define HAVE_SYS_PARAM_H 1
| #define HAVE_SYS_TIME_H 1
| #define HAVE_SYS_UTSNAME_H 1
| #define HAVE_UNISTD_H 1
| #define MAJOR_IN_SYSMACROS 1
| #define HAVE_EXECINFO_H 1
| /* end confdefs.h.  */
| #include <ac_nonexistent.h>
configure:6399: result: gcc -E
configure:6413: gcc -E  conftest.c
configure:6413: $? = 0
configure:6428: gcc -E  conftest.c
conftest.c:49:10: fatal error: ac_nonexistent.h: No such file or directory
   49 | #include <ac_nonexistent.h>
      |          ^~~~~~~~~~~~~~~~~~
compilation terminated.
configure:6428: $? = 1
configure: failed program was:
| /* confdefs.h */
| #define PACKAGE_NAME "htop"
| #define PACKAGE_TARNAME "htop"
| #define PACKAGE_VERSION "3.0.6-dev"
| #define PACKAGE_STRING "htop 3.0.6-dev"
| #define PACKAGE_BUGREPORT "htop@groups.io"
| #define PACKAGE_URL "https://htop.dev/"
| #define PACKAGE "htop"
| #define VERSION "3.0.6-dev"
| #define HTOP_LINUX /**/
| #define HAVE_STDIO_H 1
| #define HAVE_STDLIB_H 1
| #define HAVE_STRING_H 1
| #define HAVE_INTTYPES_H 1
| #define HAVE_STDINT_H 1
| #define HAVE_STRINGS_H 1
| #define HAVE_SYS_STAT_H 1
| #define HAVE_SYS_TYPES_H 1
| #define HAVE_UNISTD_H 1
| #define HAVE_WCHAR_H 1
| #define STDC_HEADERS 1
| #define _ALL_SOURCE 1
| #define _DARWIN_C_SOURCE 1
| #define _GNU_SOURCE 1
| #define _HPUX_ALT_XOPEN_SOCKET_API 1
| #define _NETBSD_SOURCE 1
| #define _OPENBSD_SOURCE 1
| #define _POSIX_PTHREAD_SEMANTICS 1
| #define __STDC_WANT_IEC_60559_ATTRIBS_EXT__ 1
| #define __STDC_WANT_IEC_60559_BFP_EXT__ 1
| #define __STDC_WANT_IEC_60559_DFP_EXT__ 1
| #define __STDC_WANT_IEC_60559_FUNCS_EXT__ 1
| #define __STDC_WANT_IEC_60559_TYPES_EXT__ 1
| #define __STDC_WANT_LIB_EXT2__ 1
| #define __STDC_WANT_MATH_SPEC_FUNCS__ 1
| #define _TANDEM_SOURCE 1
| #define __EXTENSIONS__ 1
| #define HAVE_DIRENT_H 1
| #define HAVE_STDLIB_H 1
| #define HAVE_STRING_H 1
| #define HAVE_STRINGS_H 1
| #define HAVE_SYS_PARAM_H 1
| #define HAVE_SYS_TIME_H 1
| #define HAVE_SYS_UTSNAME_H 1
| #define HAVE_UNISTD_H 1
| #define MAJOR_IN_SYSMACROS 1
| #define HAVE_EXECINFO_H 1
| /* end confdefs.h.  */
| #include <ac_nonexistent.h>
configure:6459: checking for uid_t in sys/types.h
configure:6480: result: yes
configure:6491: checking for uint8_t
configure:6491: gcc -c -g -O2  conftest.c >&5
configure:6491: $? = 0
configure:6491: result: yes
configure:6503: checking for uint16_t
configure:6503: gcc -c -g -O2  conftest.c >&5
configure:6503: $? = 0
configure:6503: result: yes
configure:6513: checking for uint32_t
configure:6513: gcc -c -g -O2  conftest.c >&5
configure:6513: $? = 0
configure:6513: result: yes
configure:6525: checking for uint64_t
configure:6525: gcc -c -g -O2  conftest.c >&5
configure:6525: $? = 0
configure:6525: result: yes
configure:6545: checking for ceil in -lm
configure:6568: gcc -o conftest -g -O2   conftest.c -lm   >&5
conftest.c:53:6: warning: conflicting types for built-in function 'ceil'; expected 'double(double)' [-Wbuiltin-declaration-mismatch]
   53 | char ceil ();
      |      ^~~~
conftest.c:1:1: note: 'ceil' is declared in header '<math.h>'
    1 | /* confdefs.h */
configure:6568: $? = 0
configure:6578: result: yes
configure:6845: checking for library containing dlopen
configure:6875: gcc -o conftest -g -O2   conftest.c -lm  >&5
/usr/bin/ld: /tmp/cc8pAFd4.o: in function `main':
/home/pnotz17/htop/conftest.c:58: undefined reference to `dlopen'
collect2: error: ld returned 1 exit status
configure:6875: $? = 1
configure: failed program was:
| /* confdefs.h */
| #define PACKAGE_NAME "htop"
| #define PACKAGE_TARNAME "htop"
| #define PACKAGE_VERSION "3.0.6-dev"
| #define PACKAGE_STRING "htop 3.0.6-dev"
| #define PACKAGE_BUGREPORT "htop@groups.io"
| #define PACKAGE_URL "https://htop.dev/"
| #define PACKAGE "htop"
| #define VERSION "3.0.6-dev"
| #define HTOP_LINUX /**/
| #define HAVE_STDIO_H 1
| #define HAVE_STDLIB_H 1
| #define HAVE_STRING_H 1
| #define HAVE_INTTYPES_H 1
| #define HAVE_STDINT_H 1
| #define HAVE_STRINGS_H 1
| #define HAVE_SYS_STAT_H 1
| #define HAVE_SYS_TYPES_H 1
| #define HAVE_UNISTD_H 1
| #define HAVE_WCHAR_H 1
| #define STDC_HEADERS 1
| #define _ALL_SOURCE 1
| #define _DARWIN_C_SOURCE 1
| #define _GNU_SOURCE 1
| #define _HPUX_ALT_XOPEN_SOCKET_API 1
| #define _NETBSD_SOURCE 1
| #define _OPENBSD_SOURCE 1
| #define _POSIX_PTHREAD_SEMANTICS 1
| #define __STDC_WANT_IEC_60559_ATTRIBS_EXT__ 1
| #define __STDC_WANT_IEC_60559_BFP_EXT__ 1
| #define __STDC_WANT_IEC_60559_DFP_EXT__ 1
| #define __STDC_WANT_IEC_60559_FUNCS_EXT__ 1
| #define __STDC_WANT_IEC_60559_TYPES_EXT__ 1
| #define __STDC_WANT_LIB_EXT2__ 1
| #define __STDC_WANT_MATH_SPEC_FUNCS__ 1
| #define _TANDEM_SOURCE 1
| #define __EXTENSIONS__ 1
| #define HAVE_DIRENT_H 1
| #define HAVE_STDLIB_H 1
| #define HAVE_STRING_H 1
| #define HAVE_STRINGS_H 1
| #define HAVE_SYS_PARAM_H 1
| #define HAVE_SYS_TIME_H 1
| #define HAVE_SYS_UTSNAME_H 1
| #define HAVE_UNISTD_H 1
| #define MAJOR_IN_SYSMACROS 1
| #define HAVE_EXECINFO_H 1
| #define HAVE_LIBM 1
| /* end confdefs.h.  */
| 
| /* Override any GCC internal prototype to avoid an error.
|    Use char because int might match the return type of a GCC
|    builtin and then its argument prototype would still apply.  */
| char dlopen ();
| int
| main (void)
| {
| return dlopen ();
|   ;
|   return 0;
| }
configure:6875: gcc -o conftest -g -O2   conftest.c -ldl  -lm  >&5
configure:6875: $? = 0
configure:6895: result: -ldl
configure:7161: checking for library containing clock_gettime
configure:7191: gcc -o conftest -g -O2   conftest.c -ldl -lm  >&5
configure:7191: $? = 0
configure:7211: result: none required
configure:7221: checking for clock_gettime
configure:7221: gcc -o conftest -g -O2   conftest.c -ldl -lm  >&5
configure:7221: $? = 0
configure:7221: result: yes
configure:7227: checking for faccessat
configure:7227: gcc -o conftest -g -O2   conftest.c -ldl -lm  >&5
configure:7227: $? = 0
configure:7227: result: yes
configure:7233: checking for fstatat
configure:7233: gcc -o conftest -g -O2   conftest.c -ldl -lm  >&5
configure:7233: $? = 0
configure:7233: result: yes
configure:7239: checking for host_get_clock_service
configure:7239: gcc -o conftest -g -O2   conftest.c -ldl -lm  >&5
/usr/bin/ld: /tmp/ccUPsKQX.o: in function `main':
/home/pnotz17/htop/conftest.c:80: undefined reference to `host_get_clock_service'
collect2: error: ld returned 1 exit status
configure:7239: $? = 1
configure: failed program was:
| /* confdefs.h */
| #define PACKAGE_NAME "htop"
| #define PACKAGE_TARNAME "htop"
| #define PACKAGE_VERSION "3.0.6-dev"
| #define PACKAGE_STRING "htop 3.0.6-dev"
| #define PACKAGE_BUGREPORT "htop@groups.io"
| #define PACKAGE_URL "https://htop.dev/"
| #define PACKAGE "htop"
| #define VERSION "3.0.6-dev"
| #define HTOP_LINUX /**/
| #define HAVE_STDIO_H 1
| #define HAVE_STDLIB_H 1
| #define HAVE_STRING_H 1
| #define HAVE_INTTYPES_H 1
| #define HAVE_STDINT_H 1
| #define HAVE_STRINGS_H 1
| #define HAVE_SYS_STAT_H 1
| #define HAVE_SYS_TYPES_H 1
| #define HAVE_UNISTD_H 1
| #define HAVE_WCHAR_H 1
| #define STDC_HEADERS 1
| #define _ALL_SOURCE 1
| #define _DARWIN_C_SOURCE 1
| #define _GNU_SOURCE 1
| #define _HPUX_ALT_XOPEN_SOCKET_API 1
| #define _NETBSD_SOURCE 1
| #define _OPENBSD_SOURCE 1
| #define _POSIX_PTHREAD_SEMANTICS 1
| #define __STDC_WANT_IEC_60559_ATTRIBS_EXT__ 1
| #define __STDC_WANT_IEC_60559_BFP_EXT__ 1
| #define __STDC_WANT_IEC_60559_DFP_EXT__ 1
| #define __STDC_WANT_IEC_60559_FUNCS_EXT__ 1
| #define __STDC_WANT_IEC_60559_TYPES_EXT__ 1
| #define __STDC_WANT_LIB_EXT2__ 1
| #define __STDC_WANT_MATH_SPEC_FUNCS__ 1
| #define _TANDEM_SOURCE 1
| #define __EXTENSIONS__ 1
| #define HAVE_DIRENT_H 1
| #define HAVE_STDLIB_H 1
| #define HAVE_STRING_H 1
| #define HAVE_STRINGS_H 1
| #define HAVE_SYS_PARAM_H 1
| #define HAVE_SYS_TIME_H 1
| #define HAVE_SYS_UTSNAME_H 1
| #define HAVE_UNISTD_H 1
| #define MAJOR_IN_SYSMACROS 1
| #define HAVE_EXECINFO_H 1
| #define HAVE_LIBM 1
| #define HAVE_CLOCK_GETTIME 1
| #define HAVE_FACCESSAT 1
| #define HAVE_FSTATAT 1
| /* end confdefs.h.  */
| /* Define host_get_clock_service to an innocuous variant, in case <limits.h> declares host_get_clock_service.
|    For example, HP-UX 11i <limits.h> declares gettimeofday.  */
| #define host_get_clock_service innocuous_host_get_clock_service
| 
| /* System header to define __stub macros and hopefully few prototypes,
|    which can conflict with char host_get_clock_service (); below.  */
| 
| #include <limits.h>
| #undef host_get_clock_service
| 
| /* Override any GCC internal prototype to avoid an error.
|    Use char because int might match the return type of a GCC
|    builtin and then its argument prototype would still apply.  */
| #ifdef __cplusplus
| extern "C"
| #endif
| char host_get_clock_service ();
| /* The GNU C library defines this for functions which it implements
|     to always fail with ENOSYS.  Some functions are actually named
|     something starting with __ and the normal name is an alias.  */
| #if defined __stub_host_get_clock_service || defined __stub___host_get_clock_service
| choke me
| #endif
| 
| int
| main (void)
| {
| return host_get_clock_service ();
|   ;
|   return 0;
| }
configure:7239: result: no
configure:7245: checking for memfd_create
configure:7245: gcc -o conftest -g -O2   conftest.c -ldl -lm  >&5
configure:7245: $? = 0
configure:7245: result: yes
configure:7251: checking for openat
configure:7251: gcc -o conftest -g -O2   conftest.c -ldl -lm  >&5
configure:7251: $? = 0
configure:7251: result: yes
configure:7257: checking for readlinkat
configure:7257: gcc -o conftest -g -O2   conftest.c -ldl -lm  >&5
configure:7257: $? = 0
configure:7257: result: yes
configure:7266: checking for library containing backtrace
configure:7296: gcc -o conftest -g -O2   conftest.c -ldl -lm  >&5
configure:7296: $? = 0
configure:7316: result: none required
configure:7417: checking for waddwstr in -lncursesw6
configure:7442: gcc -o conftest -D_DEFAULT_SOURCE -D_XOPEN_SOURCE=600 -g -O2   conftest.c -lncursesw6
         -Wl,-O1,--sort-common,--as-needed,-z,relro,-z,now -lncursesw
       -ldl -lm  >&5
/usr/bin/ld: cannot find -lncursesw6
collect2: error: ld returned 1 exit status
configure:7442: $? = 1
configure: failed program was:
| /* confdefs.h */
| #define PACKAGE_NAME "htop"
| #define PACKAGE_TARNAME "htop"
| #define PACKAGE_VERSION "3.0.6-dev"
| #define PACKAGE_STRING "htop 3.0.6-dev"
| #define PACKAGE_BUGREPORT "htop@groups.io"
| #define PACKAGE_URL "https://htop.dev/"
| #define PACKAGE "htop"
| #define VERSION "3.0.6-dev"
| #define HTOP_LINUX /**/
| #define HAVE_STDIO_H 1
| #define HAVE_STDLIB_H 1
| #define HAVE_STRING_H 1
| #define HAVE_INTTYPES_H 1
| #define HAVE_STDINT_H 1
| #define HAVE_STRINGS_H 1
| #define HAVE_SYS_STAT_H 1
| #define HAVE_SYS_TYPES_H 1
| #define HAVE_UNISTD_H 1
| #define HAVE_WCHAR_H 1
| #define STDC_HEADERS 1
| #define _ALL_SOURCE 1
| #define _DARWIN_C_SOURCE 1
| #define _GNU_SOURCE 1
| #define _HPUX_ALT_XOPEN_SOCKET_API 1
| #define _NETBSD_SOURCE 1
| #define _OPENBSD_SOURCE 1
| #define _POSIX_PTHREAD_SEMANTICS 1
| #define __STDC_WANT_IEC_60559_ATTRIBS_EXT__ 1
| #define __STDC_WANT_IEC_60559_BFP_EXT__ 1
| #define __STDC_WANT_IEC_60559_DFP_EXT__ 1
| #define __STDC_WANT_IEC_60559_FUNCS_EXT__ 1
| #define __STDC_WANT_IEC_60559_TYPES_EXT__ 1
| #define __STDC_WANT_LIB_EXT2__ 1
| #define __STDC_WANT_MATH_SPEC_FUNCS__ 1
| #define _TANDEM_SOURCE 1
| #define __EXTENSIONS__ 1
| #define HAVE_DIRENT_H 1
| #define HAVE_STDLIB_H 1
| #define HAVE_STRING_H 1
| #define HAVE_STRINGS_H 1
| #define HAVE_SYS_PARAM_H 1
| #define HAVE_SYS_TIME_H 1
| #define HAVE_SYS_UTSNAME_H 1
| #define HAVE_UNISTD_H 1
| #define MAJOR_IN_SYSMACROS 1
| #define HAVE_EXECINFO_H 1
| #define HAVE_LIBM 1
| #define HAVE_CLOCK_GETTIME 1
| #define HAVE_FACCESSAT 1
| #define HAVE_FSTATAT 1
| #define HAVE_MEMFD_CREATE 1
| #define HAVE_OPENAT 1
| #define HAVE_READLINKAT 1
| /* end confdefs.h.  */
| 
| /* Override any GCC internal prototype to avoid an error.
|    Use char because int might match the return type of a GCC
|    builtin and then its argument prototype would still apply.  */
| char waddwstr ();
| int
| main (void)
| {
| return waddwstr ();
|   ;
|   return 0;
| }
configure:7452: result: no
configure:7484: checking for waddwstr in -lncursesw
configure:7509: gcc -o conftest -D_DEFAULT_SOURCE -D_XOPEN_SOURCE=600 -g -O2   conftest.c -lncursesw
         -Wl,-O1,--sort-common,--as-needed,-z,relro,-z,now -lncursesw
       -ldl -lm  >&5
configure:7509: $? = 0
configure:7519: result: yes
configure:7829: checking for ncursesw/curses.h
configure:7829: gcc -c -D_DEFAULT_SOURCE -D_XOPEN_SOURCE=600 -g -O2  conftest.c >&5
conftest.c:85:10: fatal error: ncursesw/curses.h: No such file or directory
   85 | #include <ncursesw/curses.h>
      |          ^~~~~~~~~~~~~~~~~~~
compilation terminated.
configure:7829: $? = 1
configure: failed program was:
| /* confdefs.h */
| #define PACKAGE_NAME "htop"
| #define PACKAGE_TARNAME "htop"
| #define PACKAGE_VERSION "3.0.6-dev"
| #define PACKAGE_STRING "htop 3.0.6-dev"
| #define PACKAGE_BUGREPORT "htop@groups.io"
| #define PACKAGE_URL "https://htop.dev/"
| #define PACKAGE "htop"
| #define VERSION "3.0.6-dev"
| #define HTOP_LINUX /**/
| #define HAVE_STDIO_H 1
| #define HAVE_STDLIB_H 1
| #define HAVE_STRING_H 1
| #define HAVE_INTTYPES_H 1
| #define HAVE_STDINT_H 1
| #define HAVE_STRINGS_H 1
| #define HAVE_SYS_STAT_H 1
| #define HAVE_SYS_TYPES_H 1
| #define HAVE_UNISTD_H 1
| #define HAVE_WCHAR_H 1
| #define STDC_HEADERS 1
| #define _ALL_SOURCE 1
| #define _DARWIN_C_SOURCE 1
| #define _GNU_SOURCE 1
| #define _HPUX_ALT_XOPEN_SOCKET_API 1
| #define _NETBSD_SOURCE 1
| #define _OPENBSD_SOURCE 1
| #define _POSIX_PTHREAD_SEMANTICS 1
| #define __STDC_WANT_IEC_60559_ATTRIBS_EXT__ 1
| #define __STDC_WANT_IEC_60559_BFP_EXT__ 1
| #define __STDC_WANT_IEC_60559_DFP_EXT__ 1
| #define __STDC_WANT_IEC_60559_FUNCS_EXT__ 1
| #define __STDC_WANT_IEC_60559_TYPES_EXT__ 1
| #define __STDC_WANT_LIB_EXT2__ 1
| #define __STDC_WANT_MATH_SPEC_FUNCS__ 1
| #define _TANDEM_SOURCE 1
| #define __EXTENSIONS__ 1
| #define HAVE_DIRENT_H 1
| #define HAVE_STDLIB_H 1
| #define HAVE_STRING_H 1
| #define HAVE_STRINGS_H 1
| #define HAVE_SYS_PARAM_H 1
| #define HAVE_SYS_TIME_H 1
| #define HAVE_SYS_UTSNAME_H 1
| #define HAVE_UNISTD_H 1
| #define MAJOR_IN_SYSMACROS 1
| #define HAVE_EXECINFO_H 1
| #define HAVE_LIBM 1
| #define HAVE_CLOCK_GETTIME 1
| #define HAVE_FACCESSAT 1
| #define HAVE_FSTATAT 1
| #define HAVE_MEMFD_CREATE 1
| #define HAVE_OPENAT 1
| #define HAVE_READLINKAT 1
| #define HAVE_LIBNCURSESW 1
| /* end confdefs.h.  */
| #include <stddef.h>
| #ifdef HAVE_STDIO_H
| # include <stdio.h>
| #endif
| #ifdef HAVE_STDLIB_H
| # include <stdlib.h>
| #endif
| #ifdef HAVE_STRING_H
| # include <string.h>
| #endif
| #ifdef HAVE_INTTYPES_H
| # include <inttypes.h>
| #endif
| #ifdef HAVE_STDINT_H
| # include <stdint.h>
| #endif
| #ifdef HAVE_STRINGS_H
| # include <strings.h>
| #endif
| #ifdef HAVE_SYS_TYPES_H
| # include <sys/types.h>
| #endif
| #ifdef HAVE_SYS_STAT_H
| # include <sys/stat.h>
| #endif
| #ifdef HAVE_UNISTD_H
| # include <unistd.h>
| #endif
| #include <ncursesw/curses.h>
configure:7829: result: no
configure:7837: checking for ncurses/ncurses.h
configure:7837: gcc -c -D_DEFAULT_SOURCE -D_XOPEN_SOURCE=600 -g -O2  conftest.c >&5
conftest.c:85:10: fatal error: ncurses/ncurses.h: No such file or directory
   85 | #include <ncurses/ncurses.h>
      |          ^~~~~~~~~~~~~~~~~~~
compilation terminated.
configure:7837: $? = 1
configure: failed program was:
| /* confdefs.h */
| #define PACKAGE_NAME "htop"
| #define PACKAGE_TARNAME "htop"
| #define PACKAGE_VERSION "3.0.6-dev"
| #define PACKAGE_STRING "htop 3.0.6-dev"
| #define PACKAGE_BUGREPORT "htop@groups.io"
| #define PACKAGE_URL "https://htop.dev/"
| #define PACKAGE "htop"
| #define VERSION "3.0.6-dev"
| #define HTOP_LINUX /**/
| #define HAVE_STDIO_H 1
| #define HAVE_STDLIB_H 1
| #define HAVE_STRING_H 1
| #define HAVE_INTTYPES_H 1
| #define HAVE_STDINT_H 1
| #define HAVE_STRINGS_H 1
| #define HAVE_SYS_STAT_H 1
| #define HAVE_SYS_TYPES_H 1
| #define HAVE_UNISTD_H 1
| #define HAVE_WCHAR_H 1
| #define STDC_HEADERS 1
| #define _ALL_SOURCE 1
| #define _DARWIN_C_SOURCE 1
| #define _GNU_SOURCE 1
| #define _HPUX_ALT_XOPEN_SOCKET_API 1
| #define _NETBSD_SOURCE 1
| #define _OPENBSD_SOURCE 1
| #define _POSIX_PTHREAD_SEMANTICS 1
| #define __STDC_WANT_IEC_60559_ATTRIBS_EXT__ 1
| #define __STDC_WANT_IEC_60559_BFP_EXT__ 1
| #define __STDC_WANT_IEC_60559_DFP_EXT__ 1
| #define __STDC_WANT_IEC_60559_FUNCS_EXT__ 1
| #define __STDC_WANT_IEC_60559_TYPES_EXT__ 1
| #define __STDC_WANT_LIB_EXT2__ 1
| #define __STDC_WANT_MATH_SPEC_FUNCS__ 1
| #define _TANDEM_SOURCE 1
| #define __EXTENSIONS__ 1
| #define HAVE_DIRENT_H 1
| #define HAVE_STDLIB_H 1
| #define HAVE_STRING_H 1
| #define HAVE_STRINGS_H 1
| #define HAVE_SYS_PARAM_H 1
| #define HAVE_SYS_TIME_H 1
| #define HAVE_SYS_UTSNAME_H 1
| #define HAVE_UNISTD_H 1
| #define MAJOR_IN_SYSMACROS 1
| #define HAVE_EXECINFO_H 1
| #define HAVE_LIBM 1
| #define HAVE_CLOCK_GETTIME 1
| #define HAVE_FACCESSAT 1
| #define HAVE_FSTATAT 1
| #define HAVE_MEMFD_CREATE 1
| #define HAVE_OPENAT 1
| #define HAVE_READLINKAT 1
| #define HAVE_LIBNCURSESW 1
| /* end confdefs.h.  */
| #include <stddef.h>
| #ifdef HAVE_STDIO_H
| # include <stdio.h>
| #endif
| #ifdef HAVE_STDLIB_H
| # include <stdlib.h>
| #endif
| #ifdef HAVE_STRING_H
| # include <string.h>
| #endif
| #ifdef HAVE_INTTYPES_H
| # include <inttypes.h>
| #endif
| #ifdef HAVE_STDINT_H
| # include <stdint.h>
| #endif
| #ifdef HAVE_STRINGS_H
| # include <strings.h>
| #endif
| #ifdef HAVE_SYS_TYPES_H
| # include <sys/types.h>
| #endif
| #ifdef HAVE_SYS_STAT_H
| # include <sys/stat.h>
| #endif
| #ifdef HAVE_UNISTD_H
| # include <unistd.h>
| #endif
| #include <ncurses/ncurses.h>
configure:7837: result: no
configure:7845: checking for ncurses/curses.h
configure:7845: gcc -c -D_DEFAULT_SOURCE -D_XOPEN_SOURCE=600 -g -O2  conftest.c >&5
conftest.c:85:10: fatal error: ncurses/curses.h: No such file or directory
   85 | #include <ncurses/curses.h>
      |          ^~~~~~~~~~~~~~~~~~
compilation terminated.
configure:7845: $? = 1
configure: failed program was:
| /* confdefs.h */
| #define PACKAGE_NAME "htop"
| #define PACKAGE_TARNAME "htop"
| #define PACKAGE_VERSION "3.0.6-dev"
| #define PACKAGE_STRING "htop 3.0.6-dev"
| #define PACKAGE_BUGREPORT "htop@groups.io"
| #define PACKAGE_URL "https://htop.dev/"
| #define PACKAGE "htop"
| #define VERSION "3.0.6-dev"
| #define HTOP_LINUX /**/
| #define HAVE_STDIO_H 1
| #define HAVE_STDLIB_H 1
| #define HAVE_STRING_H 1
| #define HAVE_INTTYPES_H 1
| #define HAVE_STDINT_H 1
| #define HAVE_STRINGS_H 1
| #define HAVE_SYS_STAT_H 1
| #define HAVE_SYS_TYPES_H 1
| #define HAVE_UNISTD_H 1
| #define HAVE_WCHAR_H 1
| #define STDC_HEADERS 1
| #define _ALL_SOURCE 1
| #define _DARWIN_C_SOURCE 1
| #define _GNU_SOURCE 1
| #define _HPUX_ALT_XOPEN_SOCKET_API 1
| #define _NETBSD_SOURCE 1
| #define _OPENBSD_SOURCE 1
| #define _POSIX_PTHREAD_SEMANTICS 1
| #define __STDC_WANT_IEC_60559_ATTRIBS_EXT__ 1
| #define __STDC_WANT_IEC_60559_BFP_EXT__ 1
| #define __STDC_WANT_IEC_60559_DFP_EXT__ 1
| #define __STDC_WANT_IEC_60559_FUNCS_EXT__ 1
| #define __STDC_WANT_IEC_60559_TYPES_EXT__ 1
| #define __STDC_WANT_LIB_EXT2__ 1
| #define __STDC_WANT_MATH_SPEC_FUNCS__ 1
| #define _TANDEM_SOURCE 1
| #define __EXTENSIONS__ 1
| #define HAVE_DIRENT_H 1
| #define HAVE_STDLIB_H 1
| #define HAVE_STRING_H 1
| #define HAVE_STRINGS_H 1
| #define HAVE_SYS_PARAM_H 1
| #define HAVE_SYS_TIME_H 1
| #define HAVE_SYS_UTSNAME_H 1
| #define HAVE_UNISTD_H 1
| #define MAJOR_IN_SYSMACROS 1
| #define HAVE_EXECINFO_H 1
| #define HAVE_LIBM 1
| #define HAVE_CLOCK_GETTIME 1
| #define HAVE_FACCESSAT 1
| #define HAVE_FSTATAT 1
| #define HAVE_MEMFD_CREATE 1
| #define HAVE_OPENAT 1
| #define HAVE_READLINKAT 1
| #define HAVE_LIBNCURSESW 1
| /* end confdefs.h.  */
| #include <stddef.h>
| #ifdef HAVE_STDIO_H
| # include <stdio.h>
| #endif
| #ifdef HAVE_STDLIB_H
| # include <stdlib.h>
| #endif
| #ifdef HAVE_STRING_H
| # include <string.h>
| #endif
| #ifdef HAVE_INTTYPES_H
| # include <inttypes.h>
| #endif
| #ifdef HAVE_STDINT_H
| # include <stdint.h>
| #endif
| #ifdef HAVE_STRINGS_H
| # include <strings.h>
| #endif
| #ifdef HAVE_SYS_TYPES_H
| # include <sys/types.h>
| #endif
| #ifdef HAVE_SYS_STAT_H
| # include <sys/stat.h>
| #endif
| #ifdef HAVE_UNISTD_H
| # include <unistd.h>
| #endif
| #include <ncurses/curses.h>
configure:7845: result: no
configure:7853: checking for ncurses.h
configure:7853: gcc -c -D_DEFAULT_SOURCE -D_XOPEN_SOURCE=600 -g -O2  conftest.c >&5
configure:7853: $? = 0
configure:7853: result: yes
configure:7875: checking for library containing keypad
configure:7905: gcc -o conftest -D_DEFAULT_SOURCE -D_XOPEN_SOURCE=600 -g -O2   conftest.c -Wl,-O1,--sort-common,--as-needed,-z,relro,-z,now -lncursesw -ldl -lm   >&5
configure:7905: $? = 0
configure:7925: result: none required
configure:8520: checking for usable sched_setaffinity
configure:8547: gcc -o conftest -D_DEFAULT_SOURCE -D_XOPEN_SOURCE=600 -g -O2   conftest.c -Wl,-O1,--sort-common,--as-needed,-z,relro,-z,now -lncursesw -ldl -lm   >&5
configure:8547: $? = 0
configure:8547: ./conftest
configure:8547: $? = 0
configure:8550: result: yes
configure:8586: checking for cap_init in -lcap
configure:8609: gcc -o conftest -D_DEFAULT_SOURCE -D_XOPEN_SOURCE=600 -g -O2   conftest.c -lcap  -Wl,-O1,--sort-common,--as-needed,-z,relro,-z,now -lncursesw -ldl -lm   >&5
configure:8609: $? = 0
configure:8619: result: yes
configure:8633: checking for sys/capability.h
configure:8633: gcc -c -D_DEFAULT_SOURCE -D_XOPEN_SOURCE=600 -g -O2  conftest.c >&5
configure:8633: $? = 0
configure:8633: result: yes
configure:8785: checking for pkg-config
configure:8808: found /usr/bin/pkg-config
configure:8820: result: /usr/bin/pkg-config
configure:8845: checking pkg-config is at least version 0.9.0
configure:8848: result: yes
configure:8858: checking for LIBNL3
configure:8865: $PKG_CONFIG --exists --print-errors "libnl-3.0"
configure:8868: $? = 0
configure:8882: $PKG_CONFIG --exists --print-errors "libnl-3.0"
configure:8885: $? = 0
configure:8923: result: yes
configure:8929: checking for LIBNL3GENL
configure:8936: $PKG_CONFIG --exists --print-errors "libnl-genl-3.0"
configure:8939: $? = 0
configure:8953: $PKG_CONFIG --exists --print-errors "libnl-genl-3.0"
configure:8956: $? = 0
configure:8994: result: yes
configure:9357: checking for sensors/sensors.h
configure:9357: gcc -c -D_DEFAULT_SOURCE -D_XOPEN_SOURCE=600 -g -O2 -I/usr/include/libnl3  -I/usr/include/libnl3   conftest.c >&5
configure:9357: $? = 0
configure:9357: result: yes
configure:9471: checking whether C compiler accepts -Wnull-dereference
configure:9491: gcc -c -D_DEFAULT_SOURCE -D_XOPEN_SOURCE=600 -g -O2 -I/usr/include/libnl3  -I/usr/include/libnl3  -Werror -Wnull-dereference  conftest.c >&5
configure:9491: $? = 0
configure:9500: result: yes
configure:9712: checking that generated files are newer than configure
configure:9718: result: done
configure:9773: creating ./config.status

## ---------------------- ##
## Running config.status. ##
## ---------------------- ##

This file was extended by htop config.status 3.0.6-dev, which was
generated by GNU Autoconf 2.71.  Invocation command line was

  CONFIG_FILES    = 
  CONFIG_HEADERS  = 
  CONFIG_LINKS    = 
  CONFIG_COMMANDS = 
  $ ./config.status 

on ARCHBUILD85

config.status:931: creating Makefile
config.status:931: creating htop.1
config.status:931: creating config.h
config.status:1160: executing depfiles commands
config.status:1237: cd .       && sed -e '/# am--include-marker/d' Makefile         | make -f - am--depfiles
config.status:1242: $? = 0
configure:11103: result:
  htop 3.0.6-dev

  platform:                  linux
  os-release file:           /etc/os-release
  (Linux) proc directory:    /proc
  (Linux) openvz:            no
  (Linux) vserver:           no
  (Linux) ancient vserver:   no
  (Linux) affinity:          yes
  (Linux) delay accounting:  yes
  (Linux) sensors:           yes
  (Linux) capabilities:      yes
  unicode:                   yes
  hwloc:                     no
  debug:                     no
  static:                    no


## ---------------- ##
## Cache variables. ##
## ---------------- ##

ac_cv_build=x86_64-pc-linux-gnu
ac_cv_c_compiler_gnu=yes
ac_cv_c_uint16_t=yes
ac_cv_c_uint32_t=yes
ac_cv_c_uint64_t=yes
ac_cv_c_uint8_t=yes
ac_cv_env_CC_set=
ac_cv_env_CC_value=
ac_cv_env_CFLAGS_set=
ac_cv_env_CFLAGS_value=
ac_cv_env_CPPFLAGS_set=
ac_cv_env_CPPFLAGS_value=
ac_cv_env_CPP_set=
ac_cv_env_CPP_value=
ac_cv_env_LDFLAGS_set=
ac_cv_env_LDFLAGS_value=
ac_cv_env_LIBNL3GENL_CFLAGS_set=
ac_cv_env_LIBNL3GENL_CFLAGS_value=
ac_cv_env_LIBNL3GENL_LIBS_set=
ac_cv_env_LIBNL3GENL_LIBS_value=
ac_cv_env_LIBNL3_CFLAGS_set=
ac_cv_env_LIBNL3_CFLAGS_value=
ac_cv_env_LIBNL3_LIBS_set=
ac_cv_env_LIBNL3_LIBS_value=
ac_cv_env_LIBS_set=
ac_cv_env_LIBS_value=
ac_cv_env_PKG_CONFIG_LIBDIR_set=
ac_cv_env_PKG_CONFIG_LIBDIR_value=
ac_cv_env_PKG_CONFIG_PATH_set=
ac_cv_env_PKG_CONFIG_PATH_value=
ac_cv_env_PKG_CONFIG_set=
ac_cv_env_PKG_CONFIG_value=
ac_cv_env_build_alias_set=
ac_cv_env_build_alias_value=
ac_cv_env_host_alias_set=
ac_cv_env_host_alias_value=
ac_cv_env_target_alias_set=
ac_cv_env_target_alias_value=
ac_cv_func_clock_gettime=yes
ac_cv_func_faccessat=yes
ac_cv_func_fstatat=yes
ac_cv_func_host_get_clock_service=no
ac_cv_func_memfd_create=yes
ac_cv_func_openat=yes
ac_cv_func_readlinkat=yes
ac_cv_header_dirent_dirent_h=yes
ac_cv_header_execinfo_h=yes
ac_cv_header_inttypes_h=yes
ac_cv_header_minix_config_h=no
ac_cv_header_ncurses_curses_h=no
ac_cv_header_ncurses_h=yes
ac_cv_header_ncurses_ncurses_h=no
ac_cv_header_ncursesw_curses_h=no
ac_cv_header_sensors_sensors_h=yes
ac_cv_header_stdint_h=yes
ac_cv_header_stdio_h=yes
ac_cv_header_stdlib_h=yes
ac_cv_header_string_h=yes
ac_cv_header_strings_h=yes
ac_cv_header_sys_capability_h=yes
ac_cv_header_sys_mkdev_h=no
ac_cv_header_sys_param_h=yes
ac_cv_header_sys_stat_h=yes
ac_cv_header_sys_sysmacros_h=yes
ac_cv_header_sys_time_h=yes
ac_cv_header_sys_types_h=yes
ac_cv_header_sys_utsname_h=yes
ac_cv_header_unistd_h=yes
ac_cv_header_wchar_h=yes
ac_cv_host=x86_64-pc-linux-gnu
ac_cv_lib_cap_cap_init=yes
ac_cv_lib_m_ceil=yes
ac_cv_lib_ncursesw6_waddwstr=no
ac_cv_lib_ncursesw_waddwstr=yes
ac_cv_objext=o
ac_cv_path_EGREP='/usr/bin/grep -E'
ac_cv_path_GREP=/usr/bin/grep
ac_cv_path_ac_pt_PKG_CONFIG=/usr/bin/pkg-config
ac_cv_path_install='/usr/bin/install -c'
ac_cv_path_mkdir=/usr/bin/mkdir
ac_cv_prog_AWK=gawk
ac_cv_prog_CPP='gcc -E'
ac_cv_prog_ac_ct_CC=gcc
ac_cv_prog_cc_c11=
ac_cv_prog_cc_g=yes
ac_cv_prog_cc_stdc=
ac_cv_prog_make_make_set=yes
ac_cv_safe_to_define___extensions__=yes
ac_cv_search_backtrace='none required'
ac_cv_search_clock_gettime='none required'
ac_cv_search_dlopen=-ldl
ac_cv_search_keypad='none required'
ac_cv_search_opendir='none required'
ac_cv_should_define__xopen_source=no
ac_cv_target=x86_64-pc-linux-gnu
ac_cv_type_pid_t=yes
ac_cv_type_uid_t=yes
am_cv_CC_dependencies_compiler_type=gcc3
am_cv_make_support_nested_variables=yes
am_cv_prog_cc_c_o=yes
ax_cv_check_cflags__Werror__Wnull_dereference=yes
pkg_cv_LIBNL3GENL_CFLAGS='-I/usr/include/libnl3 '
pkg_cv_LIBNL3GENL_LIBS='-lnl-genl-3 -lnl-3 '
pkg_cv_LIBNL3_CFLAGS='-I/usr/include/libnl3 '
pkg_cv_LIBNL3_LIBS='-lnl-3 '

## ----------------- ##
## Output variables. ##
## ----------------- ##

ACLOCAL='${SHELL} '\''/home/pnotz17/htop/build-aux/missing'\'' aclocal-1.16'
AMDEPBACKSLASH='\'
AMDEP_FALSE='#'
AMDEP_TRUE=''
AMTAR='$${TAR-tar}'
AM_BACKSLASH='\'
AM_CFLAGS=' -Wall -Wcast-align -Wcast-qual -Wextra -Wfloat-equal -Wformat=2 -Winit-self -Wmissing-format-attribute -Wmissing-noreturn -Wmissing-prototypes -Wpointer-arith -Wshadow -Wstrict-prototypes -Wundef -Wunused -Wwrite-strings -Wnull-dereference'
AM_CPPFLAGS=' -DNDEBUG'
AM_DEFAULT_V='$(AM_DEFAULT_VERBOSITY)'
AM_DEFAULT_VERBOSITY='1'
AM_V='$(V)'
AUTOCONF='${SHELL} '\''/home/pnotz17/htop/build-aux/missing'\'' autoconf'
AUTOHEADER='${SHELL} '\''/home/pnotz17/htop/build-aux/missing'\'' autoheader'
AUTOMAKE='${SHELL} '\''/home/pnotz17/htop/build-aux/missing'\'' automake-1.16'
AWK='gawk'
CC='gcc'
CCDEPMODE='depmode=gcc3'
CFLAGS='-D_DEFAULT_SOURCE -D_XOPEN_SOURCE=600 -g -O2 -I/usr/include/libnl3  -I/usr/include/libnl3 '
CPP='gcc -E'
CPPFLAGS=''
CYGPATH_W='echo'
DEFS='-DHAVE_CONFIG_H'
DEPDIR='.deps'
ECHO_C=''
ECHO_N='-n'
ECHO_T=''
EGREP='/usr/bin/grep -E'
EXEEXT=''
GREP='/usr/bin/grep'
HTOP_DARWIN_FALSE=''
HTOP_DARWIN_TRUE='#'
HTOP_DRAGONFLYBSD_FALSE=''
HTOP_DRAGONFLYBSD_TRUE='#'
HTOP_FREEBSD_FALSE=''
HTOP_FREEBSD_TRUE='#'
HTOP_LINUX_FALSE='#'
HTOP_LINUX_TRUE=''
HTOP_OPENBSD_FALSE=''
HTOP_OPENBSD_TRUE='#'
HTOP_SOLARIS_FALSE=''
HTOP_SOLARIS_TRUE='#'
HTOP_UNSUPPORTED_FALSE=''
HTOP_UNSUPPORTED_TRUE='#'
INSTALL_DATA='${INSTALL} -m 644'
INSTALL_PROGRAM='${INSTALL}'
INSTALL_SCRIPT='${INSTALL}'
INSTALL_STRIP_PROGRAM='$(install_sh) -c -s'
LDFLAGS=''
LIBNL3GENL_CFLAGS='-I/usr/include/libnl3 '
LIBNL3GENL_LIBS='-lnl-genl-3 -lnl-3 '
LIBNL3_CFLAGS='-I/usr/include/libnl3 '
LIBNL3_LIBS='-lnl-3 '
LIBOBJS=''
LIBS='-lcap -Wl,-O1,--sort-common,--as-needed,-z,relro,-z,now -lncursesw -ldl -lm   -lnl-3  -lnl-genl-3 -lnl-3 '
LTLIBOBJS=''
MAKEINFO='${SHELL} '\''/home/pnotz17/htop/build-aux/missing'\'' makeinfo'
MKDIR_P='/usr/bin/mkdir -p'
OBJEXT='o'
PACKAGE='htop'
PACKAGE_BUGREPORT='htop@groups.io'
PACKAGE_NAME='htop'
PACKAGE_STRING='htop 3.0.6-dev'
PACKAGE_TARNAME='htop'
PACKAGE_URL='https://htop.dev/'
PACKAGE_VERSION='3.0.6-dev'
PATH_SEPARATOR=':'
PKG_CONFIG='/usr/bin/pkg-config'
PKG_CONFIG_LIBDIR=''
PKG_CONFIG_PATH=''
SET_MAKE=''
SHELL='/bin/sh'
STRIP=''
VERSION='3.0.6-dev'
ac_ct_CC='gcc'
am__EXEEXT_FALSE=''
am__EXEEXT_TRUE='#'
am__fastdepCC_FALSE='#'
am__fastdepCC_TRUE=''
am__include='include'
am__isrc=''
am__leading_dot='.'
am__nodep='_no'
am__quote=''
am__tar='$${TAR-tar} chof - "$$tardir"'
am__untar='$${TAR-tar} xf -'
bindir='${exec_prefix}/bin'
build='x86_64-pc-linux-gnu'
build_alias=''
build_cpu='x86_64'
build_os='linux-gnu'
build_vendor='pc'
datadir='${datarootdir}'
datarootdir='${prefix}/share'
docdir='${datarootdir}/doc/${PACKAGE_TARNAME}'
dvidir='${docdir}'
exec_prefix='${prefix}'
host='x86_64-pc-linux-gnu'
host_alias=''
host_cpu='x86_64'
host_os='linux-gnu'
host_vendor='pc'
htmldir='${docdir}'
includedir='${prefix}/include'
infodir='${datarootdir}/info'
install_sh='${SHELL} /home/pnotz17/htop/build-aux/install-sh'
libdir='${exec_prefix}/lib'
libexecdir='${exec_prefix}/libexec'
localedir='${datarootdir}/locale'
localstatedir='${prefix}/var'
mandir='${datarootdir}/man'
mkdir_p='$(MKDIR_P)'
my_htop_platform='linux'
oldincludedir='/usr/include'
pdfdir='${docdir}'
prefix='/usr/local'
program_transform_name='s,x,x,'
psdir='${docdir}'
runstatedir='${localstatedir}/run'
sbindir='${exec_prefix}/sbin'
sharedstatedir='${prefix}/com'
sysconfdir='${prefix}/etc'
target='x86_64-pc-linux-gnu'
target_alias=''
target_cpu='x86_64'
target_os='linux-gnu'
target_vendor='pc'

## ----------- ##
## confdefs.h. ##
## ----------- ##

/* confdefs.h */
#define PACKAGE_NAME "htop"
#define PACKAGE_TARNAME "htop"
#define PACKAGE_VERSION "3.0.6-dev"
#define PACKAGE_STRING "htop 3.0.6-dev"
#define PACKAGE_BUGREPORT "htop@groups.io"
#define PACKAGE_URL "https://htop.dev/"
#define PACKAGE "htop"
#define VERSION "3.0.6-dev"
#define HTOP_LINUX /**/
#define HAVE_STDIO_H 1
#define HAVE_STDLIB_H 1
#define HAVE_STRING_H 1
#define HAVE_INTTYPES_H 1
#define HAVE_STDINT_H 1
#define HAVE_STRINGS_H 1
#define HAVE_SYS_STAT_H 1
#define HAVE_SYS_TYPES_H 1
#define HAVE_UNISTD_H 1
#define HAVE_WCHAR_H 1
#define STDC_HEADERS 1
#define _ALL_SOURCE 1
#define _DARWIN_C_SOURCE 1
#define _GNU_SOURCE 1
#define _HPUX_ALT_XOPEN_SOCKET_API 1
#define _NETBSD_SOURCE 1
#define _OPENBSD_SOURCE 1
#define _POSIX_PTHREAD_SEMANTICS 1
#define __STDC_WANT_IEC_60559_ATTRIBS_EXT__ 1
#define __STDC_WANT_IEC_60559_BFP_EXT__ 1
#define __STDC_WANT_IEC_60559_DFP_EXT__ 1
#define __STDC_WANT_IEC_60559_FUNCS_EXT__ 1
#define __STDC_WANT_IEC_60559_TYPES_EXT__ 1
#define __STDC_WANT_LIB_EXT2__ 1
#define __STDC_WANT_MATH_SPEC_FUNCS__ 1
#define _TANDEM_SOURCE 1
#define __EXTENSIONS__ 1
#define HAVE_DIRENT_H 1
#define HAVE_STDLIB_H 1
#define HAVE_STRING_H 1
#define HAVE_STRINGS_H 1
#define HAVE_SYS_PARAM_H 1
#define HAVE_SYS_TIME_H 1
#define HAVE_SYS_UTSNAME_H 1
#define HAVE_UNISTD_H 1
#define MAJOR_IN_SYSMACROS 1
#define HAVE_EXECINFO_H 1
#define HAVE_LIBM 1
#define HAVE_CLOCK_GETTIME 1
#define HAVE_FACCESSAT 1
#define HAVE_FSTATAT 1
#define HAVE_MEMFD_CREATE 1
#define HAVE_OPENAT 1
#define HAVE_READLINKAT 1
#define HAVE_LIBNCURSESW 1
#define HAVE_NCURSES_H 1
#define OSRELEASEFILE "/etc/os-release"
#define PROCDIR "/proc"
#define HAVE_LINUX_AFFINITY 1
#define HAVE_LIBCAP 1
#define HAVE_SYS_CAPABILITY_H 1
#define HAVE_DELAYACCT 1
#define HAVE_SENSORS_SENSORS_H 1
#define BUILD_WITH_CPU_TEMP 1
#define COPYRIGHT "(C) 2004-2019 Hisham Muhammad. (C) 2020-2021 htop dev team."

configure: exit 0
