This file contains any messages produced by compilers while
running configure, to aid debugging if configure makes a mistake.

It was created by configure, which was
generated by GNU Autoconf 2.71.  Invocation command line was

  $ ./configure --enable-maintainer-mode

## --------- ##
## Platform. ##
## --------- ##

hostname = ARCHBUILD85
uname -m = x86_64
uname -r = 5.11.11-arch1-1
uname -s = Linux
uname -v = #1 SMP PREEMPT Tue, 30 Mar 2021 14:10:17 +0000

/usr/bin/uname -p = unknown
/bin/uname -X     = unknown

/bin/arch              = unknown
/usr/bin/arch -k       = unknown
/usr/convex/getsysinfo = unknown
/usr/bin/hostinfo      = unknown
/bin/machine           = unknown
/usr/bin/oslevel       = unknown
/bin/universe          = unknown

PATH: /home/pnotz17//.local/bin/
PATH: /home/pnotz17//.local/bin/
PATH: /usr/local/sbin/
PATH: /usr/local/bin/
PATH: /usr/bin/
PATH: /usr/bin/site_perl/
PATH: /usr/bin/vendor_perl/
PATH: /usr/bin/core_perl/
PATH: //home/pnotz17//.zsh/.fzf/bin/
PATH: //home/pnotz17//.zsh/.fzf/bin/


## ----------- ##
## Core tests. ##
## ----------- ##

configure:2513: looking for aux files: config.guess config.sub compile missing install-sh
configure:2526:  trying ./
configure:2555:   ./config.guess found
configure:2555:   ./config.sub found
configure:2555:   ./compile found
configure:2555:   ./missing found
configure:2537:   ./install-sh found
configure:2684: checking for a BSD-compatible install
configure:2757: result: /usr/bin/install -c
configure:2768: checking whether build environment is sane
configure:2823: result: yes
configure:2858: WARNING: 'missing' script is too old or missing
configure:2982: checking for a race-free mkdir -p
configure:3026: result: /usr/bin/mkdir -p
configure:3033: checking for gawk
configure:3054: found /usr/bin/gawk
configure:3065: result: gawk
configure:3076: checking whether make sets $(MAKE)
configure:3099: result: yes
configure:3129: checking whether make supports nested variables
configure:3147: result: yes
configure:3288: checking whether make supports the include directive
configure:3303: make -f confmf.GNU && cat confinc.out
this is the am__doit target
configure:3306: $? = 0
configure:3325: result: yes (GNU style)
configure:3401: checking for gcc
configure:3422: found /usr/bin/gcc
configure:3433: result: gcc
configure:3786: checking for C compiler version
configure:3795: gcc --version >&5
gcc (GCC) 10.2.0
Copyright (C) 2020 Free Software Foundation, Inc.
This is free software; see the source for copying conditions.  There is NO
warranty; not even for MERCHANTABILITY or FITNESS FOR A PARTICULAR PURPOSE.

configure:3806: $? = 0
configure:3795: gcc -v >&5
Using built-in specs.
COLLECT_GCC=gcc
COLLECT_LTO_WRAPPER=/usr/lib/gcc/x86_64-pc-linux-gnu/10.2.0/lto-wrapper
Target: x86_64-pc-linux-gnu
Configured with: /build/gcc/src/gcc/configure --prefix=/usr --libdir=/usr/lib --libexecdir=/usr/lib --mandir=/usr/share/man --infodir=/usr/share/info --with-bugurl=https://bugs.archlinux.org/ --enable-languages=c,c++,ada,fortran,go,lto,objc,obj-c++,d --with-isl --with-linker-hash-style=gnu --with-system-zlib --enable-__cxa_atexit --enable-cet=auto --enable-checking=release --enable-clocale=gnu --enable-default-pie --enable-default-ssp --enable-gnu-indirect-function --enable-gnu-unique-object --enable-install-libiberty --enable-linker-build-id --enable-lto --enable-multilib --enable-plugin --enable-shared --enable-threads=posix --disable-libssp --disable-libstdcxx-pch --disable-libunwind-exceptions --disable-werror gdc_include_dir=/usr/include/dlang/gdc
Thread model: posix
Supported LTO compression algorithms: zlib zstd
gcc version 10.2.0 (GCC) 
configure:3806: $? = 0
configure:3795: gcc -V >&5
gcc: error: unrecognized command-line option '-V'
gcc: fatal error: no input files
compilation terminated.
configure:3806: $? = 1
configure:3795: gcc -qversion >&5
gcc: error: unrecognized command-line option '-qversion'; did you mean '--version'?
gcc: fatal error: no input files
compilation terminated.
configure:3806: $? = 1
configure:3795: gcc -version >&5
gcc: error: unrecognized command-line option '-version'
gcc: fatal error: no input files
compilation terminated.
configure:3806: $? = 1
configure:3826: checking whether the C compiler works
configure:3848: gcc    conftest.c  >&5
configure:3852: $? = 0
configure:3902: result: yes
configure:3905: checking for C compiler default output file name
configure:3907: result: a.out
configure:3913: checking for suffix of executables
configure:3920: gcc -o conftest    conftest.c  >&5
configure:3924: $? = 0
configure:3947: result: 
configure:3969: checking whether we are cross compiling
configure:3977: gcc -o conftest    conftest.c  >&5
configure:3981: $? = 0
configure:3988: ./conftest
configure:3992: $? = 0
configure:4007: result: no
configure:4012: checking for suffix of object files
configure:4035: gcc -c   conftest.c >&5
configure:4039: $? = 0
configure:4061: result: o
configure:4065: checking whether the compiler supports GNU C
configure:4085: gcc -c   conftest.c >&5
configure:4085: $? = 0
configure:4095: result: yes
configure:4106: checking whether gcc accepts -g
configure:4127: gcc -c -g  conftest.c >&5
configure:4127: $? = 0
configure:4171: result: yes
configure:4191: checking for gcc option to enable C11 features
configure:4206: gcc  -c -g -O2  conftest.c >&5
configure:4206: $? = 0
configure:4224: result: none needed
configure:4340: checking whether gcc understands -c and -o together
configure:4363: gcc -c conftest.c -o conftest2.o
configure:4366: $? = 0
configure:4363: gcc -c conftest.c -o conftest2.o
configure:4366: $? = 0
configure:4378: result: yes
configure:4397: checking dependency style of gcc
configure:4509: result: gcc3
configure:4525: checking for library containing strerror
configure:4555: gcc -o conftest -g -O2   conftest.c  >&5
configure:4555: $? = 0
configure:4575: result: none required
configure:4637: checking for gcc
configure:4669: result: gcc
configure:5022: checking for C compiler version
configure:5031: gcc --version >&5
gcc (GCC) 10.2.0
Copyright (C) 2020 Free Software Foundation, Inc.
This is free software; see the source for copying conditions.  There is NO
warranty; not even for MERCHANTABILITY or FITNESS FOR A PARTICULAR PURPOSE.

configure:5042: $? = 0
configure:5031: gcc -v >&5
Using built-in specs.
COLLECT_GCC=gcc
COLLECT_LTO_WRAPPER=/usr/lib/gcc/x86_64-pc-linux-gnu/10.2.0/lto-wrapper
Target: x86_64-pc-linux-gnu
Configured with: /build/gcc/src/gcc/configure --prefix=/usr --libdir=/usr/lib --libexecdir=/usr/lib --mandir=/usr/share/man --infodir=/usr/share/info --with-bugurl=https://bugs.archlinux.org/ --enable-languages=c,c++,ada,fortran,go,lto,objc,obj-c++,d --with-isl --with-linker-hash-style=gnu --with-system-zlib --enable-__cxa_atexit --enable-cet=auto --enable-checking=release --enable-clocale=gnu --enable-default-pie --enable-default-ssp --enable-gnu-indirect-function --enable-gnu-unique-object --enable-install-libiberty --enable-linker-build-id --enable-lto --enable-multilib --enable-plugin --enable-shared --enable-threads=posix --disable-libssp --disable-libstdcxx-pch --disable-libunwind-exceptions --disable-werror gdc_include_dir=/usr/include/dlang/gdc
Thread model: posix
Supported LTO compression algorithms: zlib zstd
gcc version 10.2.0 (GCC) 
configure:5042: $? = 0
configure:5031: gcc -V >&5
gcc: error: unrecognized command-line option '-V'
gcc: fatal error: no input files
compilation terminated.
configure:5042: $? = 1
configure:5031: gcc -qversion >&5
gcc: error: unrecognized command-line option '-qversion'; did you mean '--version'?
gcc: fatal error: no input files
compilation terminated.
configure:5042: $? = 1
configure:5031: gcc -version >&5
gcc: error: unrecognized command-line option '-version'
gcc: fatal error: no input files
compilation terminated.
configure:5042: $? = 1
configure:5046: checking whether the compiler supports GNU C
configure:5076: result: yes
configure:5087: checking whether gcc accepts -g
configure:5152: result: yes
configure:5172: checking for gcc option to enable C11 features
configure:5205: result: none needed
configure:5321: checking whether gcc understands -c and -o together
configure:5359: result: yes
configure:5378: checking dependency style of gcc
configure:5490: result: gcc3
configure:5510: checking how to run the C preprocessor
configure:5536: gcc -E  conftest.c
configure:5536: $? = 0
configure:5551: gcc -E  conftest.c
conftest.c:11:10: fatal error: ac_nonexistent.h: No such file or directory
   11 | #include <ac_nonexistent.h>
      |          ^~~~~~~~~~~~~~~~~~
compilation terminated.
configure:5551: $? = 1
configure: failed program was:
| /* confdefs.h */
| #define PACKAGE_NAME ""
| #define PACKAGE_TARNAME ""
| #define PACKAGE_VERSION ""
| #define PACKAGE_STRING ""
| #define PACKAGE_BUGREPORT ""
| #define PACKAGE_URL ""
| #define PACKAGE "xsel"
| #define VERSION "1.2.0"
| /* end confdefs.h.  */
| #include <ac_nonexistent.h>
configure:5578: result: gcc -E
configure:5592: gcc -E  conftest.c
configure:5592: $? = 0
configure:5607: gcc -E  conftest.c
conftest.c:11:10: fatal error: ac_nonexistent.h: No such file or directory
   11 | #include <ac_nonexistent.h>
      |          ^~~~~~~~~~~~~~~~~~
compilation terminated.
configure:5607: $? = 1
configure: failed program was:
| /* confdefs.h */
| #define PACKAGE_NAME ""
| #define PACKAGE_TARNAME ""
| #define PACKAGE_VERSION ""
| #define PACKAGE_STRING ""
| #define PACKAGE_BUGREPORT ""
| #define PACKAGE_URL ""
| #define PACKAGE "xsel"
| #define VERSION "1.2.0"
| /* end confdefs.h.  */
| #include <ac_nonexistent.h>
configure:5638: checking whether make sets $(MAKE)
configure:5661: result: yes
configure:5673: checking for X
configure:5711: gcc -o conftest -g -O2   conftest.c -lX11  >&5
configure:5711: $? = 0
configure:5898: result: libraries , headers 
configure:5996: gcc -o conftest -g -O2   conftest.c   -lX11 >&5
configure:5996: $? = 0
configure:6095: checking for gethostbyname
configure:6095: gcc -o conftest -g -O2   conftest.c  >&5
configure:6095: $? = 0
configure:6095: result: yes
configure:6193: checking for connect
configure:6193: gcc -o conftest -g -O2   conftest.c  >&5
configure:6193: $? = 0
configure:6193: result: yes
configure:6243: checking for remove
configure:6243: gcc -o conftest -g -O2   conftest.c  >&5
configure:6243: $? = 0
configure:6243: result: yes
configure:6293: checking for shmat
configure:6293: gcc -o conftest -g -O2   conftest.c  >&5
configure:6293: $? = 0
configure:6293: result: yes
configure:6352: checking for IceConnectionNumber in -lICE
configure:6375: gcc -o conftest -g -O2   conftest.c -lICE   >&5
configure:6375: $? = 0
configure:6385: result: yes
configure:6401: checking for library containing XOpenDisplay
configure:6431: gcc -o conftest -g -O2   conftest.c  >&5
/usr/bin/ld: /tmp/ccls8gPn.o: in function `main':
/home/pnotz17/xsel/conftest.c:19: undefined reference to `XOpenDisplay'
collect2: error: ld returned 1 exit status
configure:6431: $? = 1
configure: failed program was:
| /* confdefs.h */
| #define PACKAGE_NAME ""
| #define PACKAGE_TARNAME ""
| #define PACKAGE_VERSION ""
| #define PACKAGE_STRING ""
| #define PACKAGE_BUGREPORT ""
| #define PACKAGE_URL ""
| #define PACKAGE "xsel"
| #define VERSION "1.2.0"
| /* end confdefs.h.  */
| 
| /* Override any GCC internal prototype to avoid an error.
|    Use char because int might match the return type of a GCC
|    builtin and then its argument prototype would still apply.  */
| char XOpenDisplay ();
| int
| main (void)
| {
| return XOpenDisplay ();
|   ;
|   return 0;
| }
configure:6431: gcc -o conftest -g -O2   conftest.c -lX11   >&5
configure:6431: $? = 0
configure:6451: result: -lX11
configure:6473: checking for stdio.h
configure:6473: gcc -c -g -O2 -fno-strict-aliasing -Wall -Werror -g -std=gnu99 -Wdeclaration-after-statement -Wno-unused  conftest.c >&5
configure:6473: $? = 0
configure:6473: result: yes
configure:6473: checking for stdlib.h
configure:6473: gcc -c -g -O2 -fno-strict-aliasing -Wall -Werror -g -std=gnu99 -Wdeclaration-after-statement -Wno-unused  conftest.c >&5
configure:6473: $? = 0
configure:6473: result: yes
configure:6473: checking for string.h
configure:6473: gcc -c -g -O2 -fno-strict-aliasing -Wall -Werror -g -std=gnu99 -Wdeclaration-after-statement -Wno-unused  conftest.c >&5
configure:6473: $? = 0
configure:6473: result: yes
configure:6473: checking for inttypes.h
configure:6473: gcc -c -g -O2 -fno-strict-aliasing -Wall -Werror -g -std=gnu99 -Wdeclaration-after-statement -Wno-unused  conftest.c >&5
configure:6473: $? = 0
configure:6473: result: yes
configure:6473: checking for stdint.h
configure:6473: gcc -c -g -O2 -fno-strict-aliasing -Wall -Werror -g -std=gnu99 -Wdeclaration-after-statement -Wno-unused  conftest.c >&5
configure:6473: $? = 0
configure:6473: result: yes
configure:6473: checking for strings.h
configure:6473: gcc -c -g -O2 -fno-strict-aliasing -Wall -Werror -g -std=gnu99 -Wdeclaration-after-statement -Wno-unused  conftest.c >&5
configure:6473: $? = 0
configure:6473: result: yes
configure:6473: checking for sys/stat.h
configure:6473: gcc -c -g -O2 -fno-strict-aliasing -Wall -Werror -g -std=gnu99 -Wdeclaration-after-statement -Wno-unused  conftest.c >&5
configure:6473: $? = 0
configure:6473: result: yes
configure:6473: checking for sys/types.h
configure:6473: gcc -c -g -O2 -fno-strict-aliasing -Wall -Werror -g -std=gnu99 -Wdeclaration-after-statement -Wno-unused  conftest.c >&5
configure:6473: $? = 0
configure:6473: result: yes
configure:6473: checking for unistd.h
configure:6473: gcc -c -g -O2 -fno-strict-aliasing -Wall -Werror -g -std=gnu99 -Wdeclaration-after-statement -Wno-unused  conftest.c >&5
configure:6473: $? = 0
configure:6473: result: yes
configure:6473: checking for sys/time.h
configure:6473: gcc -c -g -O2 -fno-strict-aliasing -Wall -Werror -g -std=gnu99 -Wdeclaration-after-statement -Wno-unused  conftest.c >&5
configure:6473: $? = 0
configure:6473: result: yes
configure:6473: checking for vfork.h
configure:6473: gcc -c -g -O2 -fno-strict-aliasing -Wall -Werror -g -std=gnu99 -Wdeclaration-after-statement -Wno-unused  conftest.c >&5
conftest.c:49:10: fatal error: vfork.h: No such file or directory
   49 | #include <vfork.h>
      |          ^~~~~~~~~
compilation terminated.
configure:6473: $? = 1
configure: failed program was:
| /* confdefs.h */
| #define PACKAGE_NAME ""
| #define PACKAGE_TARNAME ""
| #define PACKAGE_VERSION ""
| #define PACKAGE_STRING ""
| #define PACKAGE_BUGREPORT ""
| #define PACKAGE_URL ""
| #define PACKAGE "xsel"
| #define VERSION "1.2.0"
| #define HAVE_STDIO_H 1
| #define HAVE_STDLIB_H 1
| #define HAVE_STRING_H 1
| #define HAVE_INTTYPES_H 1
| #define HAVE_STDINT_H 1
| #define HAVE_STRINGS_H 1
| #define HAVE_SYS_STAT_H 1
| #define HAVE_SYS_TYPES_H 1
| #define HAVE_UNISTD_H 1
| #define HAVE_SYS_TIME_H 1
| /* end confdefs.h.  */
| #include <stddef.h>
| #ifdef HAVE_STDIO_H
| # include <stdio.h>
| #endif
| #ifdef HAVE_STDLIB_H
| # include <stdlib.h>
| #endif
| #ifdef HAVE_STRING_H
| # include <string.h>
| #endif
| #ifdef HAVE_INTTYPES_H
| # include <inttypes.h>
| #endif
| #ifdef HAVE_STDINT_H
| # include <stdint.h>
| #endif
| #ifdef HAVE_STRINGS_H
| # include <strings.h>
| #endif
| #ifdef HAVE_SYS_TYPES_H
| # include <sys/types.h>
| #endif
| #ifdef HAVE_SYS_STAT_H
| # include <sys/stat.h>
| #endif
| #ifdef HAVE_UNISTD_H
| # include <unistd.h>
| #endif
| #include <vfork.h>
configure:6473: result: no
configure:6498: checking for grep that handles long lines and -e
configure:6562: result: /usr/bin/grep
configure:6570: checking for egrep
configure:6638: result: /usr/bin/grep -E
configure:6644: checking for errno.h
configure:6644: gcc -c -g -O2 -fno-strict-aliasing -Wall -Werror -g -std=gnu99 -Wdeclaration-after-statement -Wno-unused  conftest.c >&5
configure:6644: $? = 0
configure:6644: result: yes
configure:6650: checking for fcntl.h
configure:6650: gcc -c -g -O2 -fno-strict-aliasing -Wall -Werror -g -std=gnu99 -Wdeclaration-after-statement -Wno-unused  conftest.c >&5
configure:6650: $? = 0
configure:6650: result: yes
configure:6656: checking for stdlib.h
configure:6656: result: yes
configure:6662: checking for string.h
configure:6662: result: yes
configure:6668: checking for sys/time.h
configure:6668: result: yes
configure:6674: checking for unistd.h
configure:6674: result: yes
configure:6683: checking for an ANSI C-conforming const
configure:6750: gcc -c -g -O2 -fno-strict-aliasing -Wall -Werror -g -std=gnu99 -Wdeclaration-after-statement -Wno-unused  conftest.c >&5
configure:6750: $? = 0
configure:6758: result: yes
configure:6767: checking for pid_t
configure:6767: gcc -c -g -O2 -fno-strict-aliasing -Wall -Werror -g -std=gnu99 -Wdeclaration-after-statement -Wno-unused  conftest.c >&5
configure:6767: $? = 0
configure:6767: gcc -c -g -O2 -fno-strict-aliasing -Wall -Werror -g -std=gnu99 -Wdeclaration-after-statement -Wno-unused  conftest.c >&5
conftest.c: In function 'main':
conftest.c:60:20: error: expected expression before ')' token
   60 | if (sizeof ((pid_t)))
      |                    ^
configure:6767: $? = 1
configure: failed program was:
| /* confdefs.h */
| #define PACKAGE_NAME ""
| #define PACKAGE_TARNAME ""
| #define PACKAGE_VERSION ""
| #define PACKAGE_STRING ""
| #define PACKAGE_BUGREPORT ""
| #define PACKAGE_URL ""
| #define PACKAGE "xsel"
| #define VERSION "1.2.0"
| #define HAVE_STDIO_H 1
| #define HAVE_STDLIB_H 1
| #define HAVE_STRING_H 1
| #define HAVE_INTTYPES_H 1
| #define HAVE_STDINT_H 1
| #define HAVE_STRINGS_H 1
| #define HAVE_SYS_STAT_H 1
| #define HAVE_SYS_TYPES_H 1
| #define HAVE_UNISTD_H 1
| #define HAVE_SYS_TIME_H 1
| #define STDC_HEADERS 1
| #define HAVE_ERRNO_H 1
| #define HAVE_FCNTL_H 1
| #define HAVE_STDLIB_H 1
| #define HAVE_STRING_H 1
| #define HAVE_SYS_TIME_H 1
| #define HAVE_UNISTD_H 1
| /* end confdefs.h.  */
| #include <stddef.h>
| #ifdef HAVE_STDIO_H
| # include <stdio.h>
| #endif
| #ifdef HAVE_STDLIB_H
| # include <stdlib.h>
| #endif
| #ifdef HAVE_STRING_H
| # include <string.h>
| #endif
| #ifdef HAVE_INTTYPES_H
| # include <inttypes.h>
| #endif
| #ifdef HAVE_STDINT_H
| # include <stdint.h>
| #endif
| #ifdef HAVE_STRINGS_H
| # include <strings.h>
| #endif
| #ifdef HAVE_SYS_TYPES_H
| # include <sys/types.h>
| #endif
| #ifdef HAVE_SYS_STAT_H
| # include <sys/stat.h>
| #endif
| #ifdef HAVE_UNISTD_H
| # include <unistd.h>
| #endif
| 
| int
| main (void)
| {
| if (sizeof ((pid_t)))
| 	    return 0;
|   ;
|   return 0;
| }
configure:6767: result: yes
configure:6803: checking for size_t
configure:6803: gcc -c -g -O2 -fno-strict-aliasing -Wall -Werror -g -std=gnu99 -Wdeclaration-after-statement -Wno-unused  conftest.c >&5
configure:6803: $? = 0
configure:6803: gcc -c -g -O2 -fno-strict-aliasing -Wall -Werror -g -std=gnu99 -Wdeclaration-after-statement -Wno-unused  conftest.c >&5
conftest.c: In function 'main':
conftest.c:59:21: error: expected expression before ')' token
   59 | if (sizeof ((size_t)))
      |                     ^
configure:6803: $? = 1
configure: failed program was:
| /* confdefs.h */
| #define PACKAGE_NAME ""
| #define PACKAGE_TARNAME ""
| #define PACKAGE_VERSION ""
| #define PACKAGE_STRING ""
| #define PACKAGE_BUGREPORT ""
| #define PACKAGE_URL ""
| #define PACKAGE "xsel"
| #define VERSION "1.2.0"
| #define HAVE_STDIO_H 1
| #define HAVE_STDLIB_H 1
| #define HAVE_STRING_H 1
| #define HAVE_INTTYPES_H 1
| #define HAVE_STDINT_H 1
| #define HAVE_STRINGS_H 1
| #define HAVE_SYS_STAT_H 1
| #define HAVE_SYS_TYPES_H 1
| #define HAVE_UNISTD_H 1
| #define HAVE_SYS_TIME_H 1
| #define STDC_HEADERS 1
| #define HAVE_ERRNO_H 1
| #define HAVE_FCNTL_H 1
| #define HAVE_STDLIB_H 1
| #define HAVE_STRING_H 1
| #define HAVE_SYS_TIME_H 1
| #define HAVE_UNISTD_H 1
| /* end confdefs.h.  */
| #include <stddef.h>
| #ifdef HAVE_STDIO_H
| # include <stdio.h>
| #endif
| #ifdef HAVE_STDLIB_H
| # include <stdlib.h>
| #endif
| #ifdef HAVE_STRING_H
| # include <string.h>
| #endif
| #ifdef HAVE_INTTYPES_H
| # include <inttypes.h>
| #endif
| #ifdef HAVE_STDINT_H
| # include <stdint.h>
| #endif
| #ifdef HAVE_STRINGS_H
| # include <strings.h>
| #endif
| #ifdef HAVE_SYS_TYPES_H
| # include <sys/types.h>
| #endif
| #ifdef HAVE_SYS_STAT_H
| # include <sys/stat.h>
| #endif
| #ifdef HAVE_UNISTD_H
| # include <unistd.h>
| #endif
| int
| main (void)
| {
| if (sizeof ((size_t)))
| 	    return 0;
|   ;
|   return 0;
| }
configure:6803: result: yes
configure:6813: checking for struct stat.st_blksize
configure:6813: gcc -c -g -O2 -fno-strict-aliasing -Wall -Werror -g -std=gnu99 -Wdeclaration-after-statement -Wno-unused  conftest.c >&5
configure:6813: $? = 0
configure:6813: result: yes
configure:6832: checking for uid_t in sys/types.h
configure:6853: result: yes
configure:6871: checking for fork
configure:6871: gcc -o conftest -g -O2 -fno-strict-aliasing -Wall -Werror -g -std=gnu99 -Wdeclaration-after-statement -Wno-unused   conftest.c -lX11  >&5
conftest.c:46:6: error: conflicting types for built-in function 'fork'; expected 'int(void)' [-Werror=builtin-declaration-mismatch]
   46 | char fork ();
      |      ^~~~
cc1: all warnings being treated as errors
configure:6871: $? = 1
configure: failed program was:
| /* confdefs.h */
| #define PACKAGE_NAME ""
| #define PACKAGE_TARNAME ""
| #define PACKAGE_VERSION ""
| #define PACKAGE_STRING ""
| #define PACKAGE_BUGREPORT ""
| #define PACKAGE_URL ""
| #define PACKAGE "xsel"
| #define VERSION "1.2.0"
| #define HAVE_STDIO_H 1
| #define HAVE_STDLIB_H 1
| #define HAVE_STRING_H 1
| #define HAVE_INTTYPES_H 1
| #define HAVE_STDINT_H 1
| #define HAVE_STRINGS_H 1
| #define HAVE_SYS_STAT_H 1
| #define HAVE_SYS_TYPES_H 1
| #define HAVE_UNISTD_H 1
| #define HAVE_SYS_TIME_H 1
| #define STDC_HEADERS 1
| #define HAVE_ERRNO_H 1
| #define HAVE_FCNTL_H 1
| #define HAVE_STDLIB_H 1
| #define HAVE_STRING_H 1
| #define HAVE_SYS_TIME_H 1
| #define HAVE_UNISTD_H 1
| #define HAVE_STRUCT_STAT_ST_BLKSIZE 1
| #define TIME_WITH_SYS_TIME 1
| /* end confdefs.h.  */
| /* Define fork to an innocuous variant, in case <limits.h> declares fork.
|    For example, HP-UX 11i <limits.h> declares gettimeofday.  */
| #define fork innocuous_fork
| 
| /* System header to define __stub macros and hopefully few prototypes,
|    which can conflict with char fork (); below.  */
| 
| #include <limits.h>
| #undef fork
| 
| /* Override any GCC internal prototype to avoid an error.
|    Use char because int might match the return type of a GCC
|    builtin and then its argument prototype would still apply.  */
| #ifdef __cplusplus
| extern "C"
| #endif
| char fork ();
| /* The GNU C library defines this for functions which it implements
|     to always fail with ENOSYS.  Some functions are actually named
|     something starting with __ and the normal name is an alias.  */
| #if defined __stub_fork || defined __stub___fork
| choke me
| #endif
| 
| int
| main (void)
| {
| return fork ();
|   ;
|   return 0;
| }
configure:6871: result: no
configure:6871: checking for vfork
configure:6871: gcc -o conftest -g -O2 -fno-strict-aliasing -Wall -Werror -g -std=gnu99 -Wdeclaration-after-statement -Wno-unused   conftest.c -lX11  >&5
configure:6871: $? = 0
configure:6871: result: yes
configure:6940: checking for working vfork
configure:7069: result: yes
configure:7100: checking build system type
configure:7115: result: x86_64-pc-linux-gnu
configure:7135: checking host system type
configure:7149: result: x86_64-pc-linux-gnu
configure:7169: checking for GNU libc compatible malloc
configure:7201: gcc -o conftest -g -O2 -fno-strict-aliasing -Wall -Werror -g -std=gnu99 -Wdeclaration-after-statement -Wno-unused   conftest.c -lX11  >&5
configure:7201: $? = 0
configure:7201: ./conftest
configure:7201: $? = 0
configure:7212: result: yes
configure:7234: checking return type of signal handlers
configure:7253: gcc -c -g -O2 -fno-strict-aliasing -Wall -Werror -g -std=gnu99 -Wdeclaration-after-statement -Wno-unused  conftest.c >&5
conftest.c: In function 'main':
conftest.c:39:10: error: void value not ignored as it ought to be
   39 | return *(signal (0, 0)) (0) == 1;
      |         ~^~~~~~~~~~~~~~~~~~
configure:7253: $? = 1
configure: failed program was:
| /* confdefs.h */
| #define PACKAGE_NAME ""
| #define PACKAGE_TARNAME ""
| #define PACKAGE_VERSION ""
| #define PACKAGE_STRING ""
| #define PACKAGE_BUGREPORT ""
| #define PACKAGE_URL ""
| #define PACKAGE "xsel"
| #define VERSION "1.2.0"
| #define HAVE_STDIO_H 1
| #define HAVE_STDLIB_H 1
| #define HAVE_STRING_H 1
| #define HAVE_INTTYPES_H 1
| #define HAVE_STDINT_H 1
| #define HAVE_STRINGS_H 1
| #define HAVE_SYS_STAT_H 1
| #define HAVE_SYS_TYPES_H 1
| #define HAVE_UNISTD_H 1
| #define HAVE_SYS_TIME_H 1
| #define STDC_HEADERS 1
| #define HAVE_ERRNO_H 1
| #define HAVE_FCNTL_H 1
| #define HAVE_STDLIB_H 1
| #define HAVE_STRING_H 1
| #define HAVE_SYS_TIME_H 1
| #define HAVE_UNISTD_H 1
| #define HAVE_STRUCT_STAT_ST_BLKSIZE 1
| #define TIME_WITH_SYS_TIME 1
| #define HAVE_VFORK 1
| #define HAVE_WORKING_VFORK 1
| #define HAVE_MALLOC 1
| /* end confdefs.h.  */
| #include <sys/types.h>
| #include <signal.h>
| 
| int
| main (void)
| {
| return *(signal (0, 0)) (0) == 1;
|   ;
|   return 0;
| }
configure:7261: result: void
configure:7267: checking for dup2
configure:7267: gcc -o conftest -g -O2 -fno-strict-aliasing -Wall -Werror -g -std=gnu99 -Wdeclaration-after-statement -Wno-unused   conftest.c -lX11  >&5
configure:7267: $? = 0
configure:7267: result: yes
configure:7273: checking for select
configure:7273: gcc -o conftest -g -O2 -fno-strict-aliasing -Wall -Werror -g -std=gnu99 -Wdeclaration-after-statement -Wno-unused   conftest.c -lX11  >&5
configure:7273: $? = 0
configure:7273: result: yes
configure:7279: checking for strdup
configure:7279: gcc -o conftest -g -O2 -fno-strict-aliasing -Wall -Werror -g -std=gnu99 -Wdeclaration-after-statement -Wno-unused   conftest.c -lX11  >&5
conftest.c:52:6: error: conflicting types for built-in function 'strdup'; expected 'char *(const char *)' [-Werror=builtin-declaration-mismatch]
   52 | char strdup ();
      |      ^~~~~~
cc1: all warnings being treated as errors
configure:7279: $? = 1
configure: failed program was:
| /* confdefs.h */
| #define PACKAGE_NAME ""
| #define PACKAGE_TARNAME ""
| #define PACKAGE_VERSION ""
| #define PACKAGE_STRING ""
| #define PACKAGE_BUGREPORT ""
| #define PACKAGE_URL ""
| #define PACKAGE "xsel"
| #define VERSION "1.2.0"
| #define HAVE_STDIO_H 1
| #define HAVE_STDLIB_H 1
| #define HAVE_STRING_H 1
| #define HAVE_INTTYPES_H 1
| #define HAVE_STDINT_H 1
| #define HAVE_STRINGS_H 1
| #define HAVE_SYS_STAT_H 1
| #define HAVE_SYS_TYPES_H 1
| #define HAVE_UNISTD_H 1
| #define HAVE_SYS_TIME_H 1
| #define STDC_HEADERS 1
| #define HAVE_ERRNO_H 1
| #define HAVE_FCNTL_H 1
| #define HAVE_STDLIB_H 1
| #define HAVE_STRING_H 1
| #define HAVE_SYS_TIME_H 1
| #define HAVE_UNISTD_H 1
| #define HAVE_STRUCT_STAT_ST_BLKSIZE 1
| #define TIME_WITH_SYS_TIME 1
| #define HAVE_VFORK 1
| #define HAVE_WORKING_VFORK 1
| #define HAVE_MALLOC 1
| #define RETSIGTYPE void
| #define HAVE_DUP2 1
| #define HAVE_SELECT 1
| /* end confdefs.h.  */
| /* Define strdup to an innocuous variant, in case <limits.h> declares strdup.
|    For example, HP-UX 11i <limits.h> declares gettimeofday.  */
| #define strdup innocuous_strdup
| 
| /* System header to define __stub macros and hopefully few prototypes,
|    which can conflict with char strdup (); below.  */
| 
| #include <limits.h>
| #undef strdup
| 
| /* Override any GCC internal prototype to avoid an error.
|    Use char because int might match the return type of a GCC
|    builtin and then its argument prototype would still apply.  */
| #ifdef __cplusplus
| extern "C"
| #endif
| char strdup ();
| /* The GNU C library defines this for functions which it implements
|     to always fail with ENOSYS.  Some functions are actually named
|     something starting with __ and the normal name is an alias.  */
| #if defined __stub_strdup || defined __stub___strdup
| choke me
| #endif
| 
| int
| main (void)
| {
| return strdup ();
|   ;
|   return 0;
| }
configure:7279: result: no
configure:7285: checking for strerror
configure:7285: gcc -o conftest -g -O2 -fno-strict-aliasing -Wall -Werror -g -std=gnu99 -Wdeclaration-after-statement -Wno-unused   conftest.c -lX11  >&5
configure:7285: $? = 0
configure:7285: result: yes
configure:7291: checking for strtol
configure:7291: gcc -o conftest -g -O2 -fno-strict-aliasing -Wall -Werror -g -std=gnu99 -Wdeclaration-after-statement -Wno-unused   conftest.c -lX11  >&5
configure:7291: $? = 0
configure:7291: result: yes
configure:7401: checking that generated files are newer than configure
configure:7407: result: done
configure:7434: creating ./config.status

## ---------------------- ##
## Running config.status. ##
## ---------------------- ##

This file was extended by config.status, which was
generated by GNU Autoconf 2.71.  Invocation command line was

  CONFIG_FILES    = 
  CONFIG_HEADERS  = 
  CONFIG_LINKS    = 
  CONFIG_COMMANDS = 
  $ ./config.status 

on ARCHBUILD85

config.status:877: creating Makefile
config.status:877: creating config.h
config.status:1106: executing depfiles commands
config.status:1183: cd .       && sed -e '/# am--include-marker/d' Makefile         | make -f - am--depfiles
config.status:1188: $? = 0
configure:8744: WARNING: unrecognized options: --enable-maintainer-mode

## ---------------- ##
## Cache variables. ##
## ---------------- ##

ac_cv_build=x86_64-pc-linux-gnu
ac_cv_c_compiler_gnu=yes
ac_cv_c_const=yes
ac_cv_env_CC_set=
ac_cv_env_CC_value=
ac_cv_env_CFLAGS_set=
ac_cv_env_CFLAGS_value=
ac_cv_env_CPPFLAGS_set=
ac_cv_env_CPPFLAGS_value=
ac_cv_env_CPP_set=
ac_cv_env_CPP_value=
ac_cv_env_LDFLAGS_set=
ac_cv_env_LDFLAGS_value=
ac_cv_env_LIBS_set=
ac_cv_env_LIBS_value=
ac_cv_env_XMKMF_set=
ac_cv_env_XMKMF_value=
ac_cv_env_build_alias_set=
ac_cv_env_build_alias_value=
ac_cv_env_host_alias_set=
ac_cv_env_host_alias_value=
ac_cv_env_target_alias_set=
ac_cv_env_target_alias_value=
ac_cv_func_connect=yes
ac_cv_func_dup2=yes
ac_cv_func_fork=no
ac_cv_func_fork_works=no
ac_cv_func_gethostbyname=yes
ac_cv_func_malloc_0_nonnull=yes
ac_cv_func_remove=yes
ac_cv_func_select=yes
ac_cv_func_shmat=yes
ac_cv_func_strdup=no
ac_cv_func_strerror=yes
ac_cv_func_strtol=yes
ac_cv_func_vfork=yes
ac_cv_func_vfork_works=yes
ac_cv_have_x='have_x=yes	ac_x_includes='\'''\''	ac_x_libraries='\'''\'''
ac_cv_header_errno_h=yes
ac_cv_header_fcntl_h=yes
ac_cv_header_inttypes_h=yes
ac_cv_header_stdint_h=yes
ac_cv_header_stdio_h=yes
ac_cv_header_stdlib_h=yes
ac_cv_header_string_h=yes
ac_cv_header_strings_h=yes
ac_cv_header_sys_stat_h=yes
ac_cv_header_sys_time_h=yes
ac_cv_header_sys_types_h=yes
ac_cv_header_unistd_h=yes
ac_cv_header_vfork_h=no
ac_cv_host=x86_64-pc-linux-gnu
ac_cv_lib_ICE_IceConnectionNumber=yes
ac_cv_member_struct_stat_st_blksize=yes
ac_cv_objext=o
ac_cv_path_EGREP='/usr/bin/grep -E'
ac_cv_path_GREP=/usr/bin/grep
ac_cv_path_install='/usr/bin/install -c'
ac_cv_path_mkdir=/usr/bin/mkdir
ac_cv_prog_AWK=gawk
ac_cv_prog_CPP='gcc -E'
ac_cv_prog_ac_ct_CC=gcc
ac_cv_prog_cc_c11=
ac_cv_prog_cc_g=yes
ac_cv_prog_cc_stdc=
ac_cv_prog_make_make_set=yes
ac_cv_search_XOpenDisplay=-lX11
ac_cv_search_strerror='none required'
ac_cv_type_pid_t=yes
ac_cv_type_signal=void
ac_cv_type_size_t=yes
ac_cv_type_uid_t=yes
am_cv_CC_dependencies_compiler_type=gcc3
am_cv_make_support_nested_variables=yes
am_cv_prog_cc_c_o=yes

## ----------------- ##
## Output variables. ##
## ----------------- ##

ACLOCAL='aclocal-1.16'
AMDEPBACKSLASH='\'
AMDEP_FALSE='#'
AMDEP_TRUE=''
AMTAR='$${TAR-tar}'
AM_BACKSLASH='\'
AM_DEFAULT_V='$(AM_DEFAULT_VERBOSITY)'
AM_DEFAULT_VERBOSITY='1'
AM_V='$(V)'
AUTOCONF='autoconf'
AUTOHEADER='autoheader'
AUTOMAKE='automake-1.16'
AWK='gawk'
CC='gcc'
CCDEPMODE='depmode=gcc3'
CFLAGS='-g -O2 -fno-strict-aliasing -Wall -Werror -g -std=gnu99 -Wdeclaration-after-statement -Wno-unused'
CPP='gcc -E'
CPPFLAGS=''
CYGPATH_W='echo'
DEFS='-DHAVE_CONFIG_H'
DEPDIR='.deps'
ECHO_C=''
ECHO_N='-n'
ECHO_T=''
EGREP='/usr/bin/grep -E'
EXEEXT=''
GREP='/usr/bin/grep'
INSTALL_DATA='${INSTALL} -m 644'
INSTALL_PROGRAM='${INSTALL}'
INSTALL_SCRIPT='${INSTALL}'
INSTALL_STRIP_PROGRAM='$(install_sh) -c -s'
LDFLAGS=''
LIBOBJS=''
LIBS='-lX11 '
LTLIBOBJS=''
MAKEINFO='makeinfo'
MKDIR_P='/usr/bin/mkdir -p'
OBJEXT='o'
PACKAGE='xsel'
PACKAGE_BUGREPORT=''
PACKAGE_NAME=''
PACKAGE_STRING=''
PACKAGE_TARNAME=''
PACKAGE_URL=''
PACKAGE_VERSION=''
PATH_SEPARATOR=':'
SET_MAKE=''
SHELL='/bin/sh'
STRIP=''
VERSION='1.2.0'
XMKMF=''
X_CFLAGS=''
X_EXTRA_LIBS=''
X_LDFLAGS=''
X_LIBS=''
X_PRE_LIBS=' -lSM -lICE'
ac_ct_CC='gcc'
am__EXEEXT_FALSE=''
am__EXEEXT_TRUE='#'
am__fastdepCC_FALSE='#'
am__fastdepCC_TRUE=''
am__include='include'
am__isrc=''
am__leading_dot='.'
am__nodep='_no'
am__quote=''
am__tar='$${TAR-tar} chof - "$$tardir"'
am__untar='$${TAR-tar} xf -'
bindir='${exec_prefix}/bin'
build='x86_64-pc-linux-gnu'
build_alias=''
build_cpu='x86_64'
build_os='linux-gnu'
build_vendor='pc'
datadir='${datarootdir}'
datarootdir='${prefix}/share'
docdir='${datarootdir}/doc/${PACKAGE}'
dvidir='${docdir}'
exec_prefix='${prefix}'
host='x86_64-pc-linux-gnu'
host_alias=''
host_cpu='x86_64'
host_os='linux-gnu'
host_vendor='pc'
htmldir='${docdir}'
includedir='${prefix}/include'
infodir='${datarootdir}/info'
install_sh='${SHELL} /home/pnotz17/xsel/install-sh'
libdir='${exec_prefix}/lib'
libexecdir='${exec_prefix}/libexec'
localedir='${datarootdir}/locale'
localstatedir='${prefix}/var'
mandir='${datarootdir}/man'
mkdir_p='$(MKDIR_P)'
oldincludedir='/usr/include'
pdfdir='${docdir}'
prefix='/usr/local'
program_transform_name='s,x,x,'
psdir='${docdir}'
runstatedir='${localstatedir}/run'
sbindir='${exec_prefix}/sbin'
sharedstatedir='${prefix}/com'
sysconfdir='${prefix}/etc'
target_alias=''

## ----------- ##
## confdefs.h. ##
## ----------- ##

/* confdefs.h */
#define PACKAGE_NAME ""
#define PACKAGE_TARNAME ""
#define PACKAGE_VERSION ""
#define PACKAGE_STRING ""
#define PACKAGE_BUGREPORT ""
#define PACKAGE_URL ""
#define PACKAGE "xsel"
#define VERSION "1.2.0"
#define HAVE_STDIO_H 1
#define HAVE_STDLIB_H 1
#define HAVE_STRING_H 1
#define HAVE_INTTYPES_H 1
#define HAVE_STDINT_H 1
#define HAVE_STRINGS_H 1
#define HAVE_SYS_STAT_H 1
#define HAVE_SYS_TYPES_H 1
#define HAVE_UNISTD_H 1
#define HAVE_SYS_TIME_H 1
#define STDC_HEADERS 1
#define HAVE_ERRNO_H 1
#define HAVE_FCNTL_H 1
#define HAVE_STDLIB_H 1
#define HAVE_STRING_H 1
#define HAVE_SYS_TIME_H 1
#define HAVE_UNISTD_H 1
#define HAVE_STRUCT_STAT_ST_BLKSIZE 1
#define TIME_WITH_SYS_TIME 1
#define HAVE_VFORK 1
#define HAVE_WORKING_VFORK 1
#define HAVE_MALLOC 1
#define RETSIGTYPE void
#define HAVE_DUP2 1
#define HAVE_SELECT 1
#define HAVE_STRERROR 1
#define HAVE_STRTOL 1

configure: exit 0
